{"C:/Users/Paolo/FE-engage-team-builder/src/app/services/Color.service.ts": {"path":"C:/Users/Paolo/FE-engage-team-builder/src/app/services/Color.service.ts","statementMap":{"0":{"start":{"line":13,"column":7},"end":{"line":60,"column":null}},"1":{"start":{"line":14,"column":2},"end":{"line":21,"column":null}},"2":{"start":{"line":23,"column":2},"end":{"line":32,"column":null}},"3":{"start":{"line":34,"column":2},"end":{"line":45,"column":null}},"4":{"start":{"line":47,"column":2},"end":{"line":47,"column":null}},"5":{"start":{"line":50,"column":4},"end":{"line":50,"column":null}},"6":{"start":{"line":54,"column":4},"end":{"line":54,"column":null}},"7":{"start":{"line":58,"column":4},"end":{"line":58,"column":null}},"8":{"start":{"line":13,"column":13},"end":{"line":13,"column":26}}},"fnMap":{"0":{"name":"(anonymous_1)","decl":{"start":{"line":13,"column":7},"end":{"line":13,"column":13}},"loc":{"start":{"line":13,"column":7},"end":{"line":47,"column":null}}},"1":{"name":"(anonymous_2)","decl":{"start":{"line":49,"column":9},"end":{"line":49,"column":30}},"loc":{"start":{"line":49,"column":60},"end":{"line":51,"column":null}}},"2":{"name":"(anonymous_3)","decl":{"start":{"line":53,"column":9},"end":{"line":53,"column":30}},"loc":{"start":{"line":53,"column":58},"end":{"line":55,"column":null}}},"3":{"name":"(anonymous_4)","decl":{"start":{"line":57,"column":9},"end":{"line":57,"column":27}},"loc":{"start":{"line":57,"column":51},"end":{"line":59,"column":null}}}},"branchMap":{"0":{"loc":{"start":{"line":58,"column":11},"end":{"line":58,"column":null}},"type":"cond-expr","locations":[{"start":{"line":58,"column":29},"end":{"line":58,"column":54}},{"start":{"line":58,"column":54},"end":{"line":58,"column":null}}]}},"s":{"0":0,"1":0,"2":0,"3":0,"4":0,"5":0,"6":0,"7":0,"8":0},"f":{"0":0,"1":0,"2":0,"3":0},"b":{"0":[0,0]}}
,"C:/Users/Paolo/FE-engage-team-builder/src/app/services/assets.service.ts": {"path":"C:/Users/Paolo/FE-engage-team-builder/src/app/services/assets.service.ts","statementMap":{"0":{"start":{"line":17,"column":7},"end":{"line":53,"column":null}},"1":{"start":{"line":23,"column":4},"end":{"line":27,"column":null}},"2":{"start":{"line":24,"column":6},"end":{"line":24,"column":null}},"3":{"start":{"line":25,"column":4},"end":{"line":27,"column":null}},"4":{"start":{"line":26,"column":6},"end":{"line":26,"column":null}},"5":{"start":{"line":28,"column":4},"end":{"line":28,"column":null}},"6":{"start":{"line":32,"column":4},"end":{"line":34,"column":null}},"7":{"start":{"line":33,"column":6},"end":{"line":33,"column":null}},"8":{"start":{"line":35,"column":4},"end":{"line":35,"column":null}},"9":{"start":{"line":39,"column":4},"end":{"line":39,"column":null}},"10":{"start":{"line":43,"column":4},"end":{"line":43,"column":null}},"11":{"start":{"line":47,"column":4},"end":{"line":47,"column":null}},"12":{"start":{"line":51,"column":4},"end":{"line":51,"column":null}},"13":{"start":{"line":17,"column":13},"end":{"line":17,"column":27}}},"fnMap":{"0":{"name":"(anonymous_1)","decl":{"start":{"line":19,"column":2},"end":{"line":19,"column":16}},"loc":{"start":{"line":19,"column":16},"end":{"line":20,"column":null}}},"1":{"name":"(anonymous_2)","decl":{"start":{"line":22,"column":2},"end":{"line":22,"column":20}},"loc":{"start":{"line":22,"column":97},"end":{"line":29,"column":null}}},"2":{"name":"(anonymous_3)","decl":{"start":{"line":31,"column":2},"end":{"line":31,"column":17}},"loc":{"start":{"line":31,"column":85},"end":{"line":36,"column":null}}},"3":{"name":"(anonymous_4)","decl":{"start":{"line":38,"column":2},"end":{"line":38,"column":17}},"loc":{"start":{"line":38,"column":92},"end":{"line":40,"column":null}}},"4":{"name":"(anonymous_5)","decl":{"start":{"line":42,"column":2},"end":{"line":42,"column":15}},"loc":{"start":{"line":42,"column":88},"end":{"line":44,"column":null}}},"5":{"name":"(anonymous_6)","decl":{"start":{"line":46,"column":2},"end":{"line":46,"column":16}},"loc":{"start":{"line":46,"column":90},"end":{"line":48,"column":null}}},"6":{"name":"(anonymous_7)","decl":{"start":{"line":50,"column":2},"end":{"line":50,"column":25}},"loc":{"start":{"line":50,"column":106},"end":{"line":52,"column":null}}}},"branchMap":{"0":{"loc":{"start":{"line":22,"column":49},"end":{"line":22,"column":97}},"type":"default-arg","locations":[{"start":{"line":22,"column":67},"end":{"line":22,"column":97}}]},"1":{"loc":{"start":{"line":23,"column":4},"end":{"line":27,"column":null}},"type":"if","locations":[{"start":{"line":23,"column":4},"end":{"line":27,"column":null}},{"start":{"line":25,"column":4},"end":{"line":27,"column":null}}]},"2":{"loc":{"start":{"line":25,"column":4},"end":{"line":27,"column":null}},"type":"if","locations":[{"start":{"line":25,"column":4},"end":{"line":27,"column":null}},{"start":{},"end":{}}]},"3":{"loc":{"start":{"line":31,"column":37},"end":{"line":31,"column":85}},"type":"default-arg","locations":[{"start":{"line":31,"column":55},"end":{"line":31,"column":85}}]},"4":{"loc":{"start":{"line":32,"column":4},"end":{"line":34,"column":null}},"type":"if","locations":[{"start":{"line":32,"column":4},"end":{"line":34,"column":null}},{"start":{},"end":{}}]},"5":{"loc":{"start":{"line":38,"column":43},"end":{"line":38,"column":92}},"type":"default-arg","locations":[{"start":{"line":38,"column":62},"end":{"line":38,"column":92}}]},"6":{"loc":{"start":{"line":42,"column":39},"end":{"line":42,"column":88}},"type":"default-arg","locations":[{"start":{"line":42,"column":58},"end":{"line":42,"column":88}}]},"7":{"loc":{"start":{"line":46,"column":41},"end":{"line":46,"column":90}},"type":"default-arg","locations":[{"start":{"line":46,"column":60},"end":{"line":46,"column":90}}]},"8":{"loc":{"start":{"line":50,"column":57},"end":{"line":50,"column":106}},"type":"default-arg","locations":[{"start":{"line":50,"column":76},"end":{"line":50,"column":106}}]}},"s":{"0":0,"1":0,"2":0,"3":0,"4":0,"5":0,"6":0,"7":0,"8":0,"9":0,"10":0,"11":0,"12":0,"13":0},"f":{"0":0,"1":0,"2":0,"3":0,"4":0,"5":0,"6":0},"b":{"0":[0],"1":[0,0],"2":[0,0],"3":[0],"4":[0,0],"5":[0],"6":[0],"7":[0],"8":[0]}}
,"C:/Users/Paolo/FE-engage-team-builder/src/app/services/resources.service.ts": {"path":"C:/Users/Paolo/FE-engage-team-builder/src/app/services/resources.service.ts","statementMap":{"0":{"start":{"line":25,"column":7},"end":{"line":29,"column":null}},"1":{"start":{"line":27,"column":4},"end":{"line":27,"column":null}},"2":{"start":{"line":25,"column":13},"end":{"line":25,"column":38}},"3":{"start":{"line":34,"column":7},"end":{"line":77,"column":null}},"4":{"start":{"line":39,"column":4},"end":{"line":39,"column":null}},"5":{"start":{"line":35,"column":2},"end":{"line":35,"column":null}},"6":{"start":{"line":36,"column":2},"end":{"line":36,"column":null}},"7":{"start":{"line":43,"column":4},"end":{"line":51,"column":null}},"8":{"start":{"line":44,"column":29},"end":{"line":44,"column":null}},"9":{"start":{"line":46,"column":6},"end":{"line":50,"column":null}},"10":{"start":{"line":47,"column":25},"end":{"line":47,"column":69}},"11":{"start":{"line":49,"column":10},"end":{"line":49,"column":null}},"12":{"start":{"line":55,"column":19},"end":{"line":55,"column":null}},"13":{"start":{"line":56,"column":4},"end":{"line":56,"column":null}},"14":{"start":{"line":60,"column":4},"end":{"line":66,"column":null}},"15":{"start":{"line":61,"column":29},"end":{"line":61,"column":null}},"16":{"start":{"line":63,"column":6},"end":{"line":65,"column":null}},"17":{"start":{"line":64,"column":23},"end":{"line":64,"column":63}},"18":{"start":{"line":65,"column":40},"end":{"line":65,"column":58}},"19":{"start":{"line":70,"column":4},"end":{"line":75,"column":null}},"20":{"start":{"line":71,"column":6},"end":{"line":74,"column":null}},"21":{"start":{"line":34,"column":13},"end":{"line":34,"column":35}},"22":{"start":{"line":82,"column":7},"end":{"line":86,"column":null}},"23":{"start":{"line":84,"column":4},"end":{"line":84,"column":null}},"24":{"start":{"line":82,"column":13},"end":{"line":82,"column":35}},"25":{"start":{"line":91,"column":7},"end":{"line":159,"column":null}},"26":{"start":{"line":121,"column":4},"end":{"line":121,"column":null}},"27":{"start":{"line":92,"column":2},"end":{"line":118,"column":null}},"28":{"start":{"line":93,"column":28},"end":{"line":93,"column":null}},"29":{"start":{"line":94,"column":40},"end":{"line":94,"column":null}},"30":{"start":{"line":95,"column":32},"end":{"line":95,"column":null}},"31":{"start":{"line":97,"column":4},"end":{"line":115,"column":null}},"32":{"start":{"line":98,"column":6},"end":{"line":100,"column":null}},"33":{"start":{"line":99,"column":8},"end":{"line":99,"column":null}},"34":{"start":{"line":102,"column":31},"end":{"line":102,"column":null}},"35":{"start":{"line":105,"column":6},"end":{"line":107,"column":null}},"36":{"start":{"line":106,"column":8},"end":{"line":106,"column":null}},"37":{"start":{"line":110,"column":38},"end":{"line":110,"column":null}},"38":{"start":{"line":113,"column":6},"end":{"line":113,"column":null}},"39":{"start":{"line":114,"column":6},"end":{"line":114,"column":null}},"40":{"start":{"line":117,"column":4},"end":{"line":117,"column":null}},"41":{"start":{"line":125,"column":4},"end":{"line":125,"column":null}},"42":{"start":{"line":125,"column":58},"end":{"line":125,"column":82}},"43":{"start":{"line":129,"column":4},"end":{"line":129,"column":null}},"44":{"start":{"line":129,"column":60},"end":{"line":129,"column":124}},"45":{"start":{"line":129,"column":97},"end":{"line":129,"column":105}},"46":{"start":{"line":133,"column":30},"end":{"line":133,"column":null}},"47":{"start":{"line":134,"column":4},"end":{"line":140,"column":null}},"48":{"start":{"line":135,"column":47},"end":{"line":135,"column":null}},"49":{"start":{"line":135,"column":80},"end":{"line":135,"column":117}},"50":{"start":{"line":136,"column":6},"end":{"line":138,"column":null}},"51":{"start":{"line":137,"column":8},"end":{"line":137,"column":null}},"52":{"start":{"line":139,"column":6},"end":{"line":139,"column":null}},"53":{"start":{"line":141,"column":4},"end":{"line":141,"column":null}},"54":{"start":{"line":145,"column":27},"end":{"line":145,"column":null}},"55":{"start":{"line":146,"column":30},"end":{"line":146,"column":null}},"56":{"start":{"line":148,"column":4},"end":{"line":155,"column":null}},"57":{"start":{"line":149,"column":46},"end":{"line":149,"column":null}},"58":{"start":{"line":149,"column":79},"end":{"line":149,"column":116}},"59":{"start":{"line":150,"column":6},"end":{"line":152,"column":null}},"60":{"start":{"line":151,"column":8},"end":{"line":151,"column":null}},"61":{"start":{"line":153,"column":6},"end":{"line":153,"column":null}},"62":{"start":{"line":154,"column":6},"end":{"line":154,"column":null}},"63":{"start":{"line":157,"column":4},"end":{"line":157,"column":null}},"64":{"start":{"line":91,"column":13},"end":{"line":91,"column":34}},"65":{"start":{"line":164,"column":7},"end":{"line":168,"column":null}},"66":{"start":{"line":166,"column":4},"end":{"line":166,"column":null}},"67":{"start":{"line":164,"column":13},"end":{"line":164,"column":33}},"68":{"start":{"line":173,"column":7},"end":{"line":177,"column":null}},"69":{"start":{"line":175,"column":4},"end":{"line":175,"column":null}},"70":{"start":{"line":173,"column":13},"end":{"line":173,"column":34}}},"fnMap":{"0":{"name":"(anonymous_1)","decl":{"start":{"line":26,"column":2},"end":{"line":26,"column":14}},"loc":{"start":{"line":26,"column":32},"end":{"line":28,"column":null}}},"1":{"name":"(anonymous_2)","decl":{"start":{"line":38,"column":2},"end":{"line":38,"column":14}},"loc":{"start":{"line":38,"column":32},"end":{"line":40,"column":null}}},"2":{"name":"(anonymous_3)","decl":{"start":{"line":42,"column":2},"end":{"line":42,"column":19}},"loc":{"start":{"line":42,"column":57},"end":{"line":52,"column":null}}},"3":{"name":"(anonymous_4)","decl":{"start":{"line":43,"column":20},"end":{"line":43,"column":26}},"loc":{"start":{"line":43,"column":26},"end":{"line":51,"column":5}}},"4":{"name":"(anonymous_5)","decl":{"start":{"line":47,"column":13},"end":{"line":47,"column":25}},"loc":{"start":{"line":47,"column":25},"end":{"line":47,"column":69}}},"5":{"name":"(anonymous_6)","decl":{"start":{"line":48,"column":16},"end":{"line":48,"column":17}},"loc":{"start":{"line":49,"column":10},"end":{"line":49,"column":null}}},"6":{"name":"(anonymous_7)","decl":{"start":{"line":54,"column":2},"end":{"line":54,"column":28}},"loc":{"start":{"line":54,"column":77},"end":{"line":57,"column":null}}},"7":{"name":"(anonymous_8)","decl":{"start":{"line":59,"column":2},"end":{"line":59,"column":17}},"loc":{"start":{"line":59,"column":53},"end":{"line":67,"column":null}}},"8":{"name":"(anonymous_9)","decl":{"start":{"line":60,"column":20},"end":{"line":60,"column":26}},"loc":{"start":{"line":60,"column":26},"end":{"line":66,"column":5}}},"9":{"name":"(anonymous_10)","decl":{"start":{"line":64,"column":13},"end":{"line":64,"column":23}},"loc":{"start":{"line":64,"column":23},"end":{"line":64,"column":63}}},"10":{"name":"(anonymous_11)","decl":{"start":{"line":65,"column":16},"end":{"line":65,"column":17}},"loc":{"start":{"line":65,"column":40},"end":{"line":65,"column":58}}},"11":{"name":"(anonymous_12)","decl":{"start":{"line":69,"column":2},"end":{"line":69,"column":17}},"loc":{"start":{"line":69,"column":64},"end":{"line":76,"column":null}}},"12":{"name":"(anonymous_13)","decl":{"start":{"line":70,"column":20},"end":{"line":70,"column":26}},"loc":{"start":{"line":70,"column":26},"end":{"line":75,"column":5}}},"13":{"name":"(anonymous_14)","decl":{"start":{"line":83,"column":2},"end":{"line":83,"column":14}},"loc":{"start":{"line":83,"column":32},"end":{"line":85,"column":null}}},"14":{"name":"(anonymous_15)","decl":{"start":{"line":120,"column":2},"end":{"line":120,"column":14}},"loc":{"start":{"line":120,"column":32},"end":{"line":122,"column":null}}},"15":{"name":"(anonymous_16)","decl":{"start":{"line":92,"column":49},"end":{"line":92,"column":55}},"loc":{"start":{"line":92,"column":55},"end":{"line":118,"column":3}}},"16":{"name":"(anonymous_17)","decl":{"start":{"line":97,"column":19},"end":{"line":97,"column":20}},"loc":{"start":{"line":97,"column":37},"end":{"line":115,"column":5}}},"17":{"name":"(anonymous_18)","decl":{"start":{"line":124,"column":2},"end":{"line":124,"column":18}},"loc":{"start":{"line":124,"column":44},"end":{"line":126,"column":null}}},"18":{"name":"(anonymous_19)","decl":{"start":{"line":125,"column":40},"end":{"line":125,"column":41}},"loc":{"start":{"line":125,"column":58},"end":{"line":125,"column":82}}},"19":{"name":"(anonymous_20)","decl":{"start":{"line":128,"column":2},"end":{"line":128,"column":31}},"loc":{"start":{"line":128,"column":58},"end":{"line":130,"column":null}}},"20":{"name":"(anonymous_21)","decl":{"start":{"line":129,"column":40},"end":{"line":129,"column":41}},"loc":{"start":{"line":129,"column":60},"end":{"line":129,"column":124}}},"21":{"name":"(anonymous_22)","decl":{"start":{"line":129,"column":70},"end":{"line":129,"column":71}},"loc":{"start":{"line":129,"column":97},"end":{"line":129,"column":105}}},"22":{"name":"(anonymous_23)","decl":{"start":{"line":132,"column":10},"end":{"line":132,"column":23}},"loc":{"start":{"line":132,"column":64},"end":{"line":142,"column":null}}},"23":{"name":"(anonymous_24)","decl":{"start":{"line":135,"column":62},"end":{"line":135,"column":63}},"loc":{"start":{"line":135,"column":80},"end":{"line":135,"column":117}}},"24":{"name":"(anonymous_25)","decl":{"start":{"line":144,"column":10},"end":{"line":144,"column":30}},"loc":{"start":{"line":144,"column":77},"end":{"line":158,"column":null}}},"25":{"name":"(anonymous_26)","decl":{"start":{"line":149,"column":61},"end":{"line":149,"column":62}},"loc":{"start":{"line":149,"column":79},"end":{"line":149,"column":116}}},"26":{"name":"(anonymous_27)","decl":{"start":{"line":165,"column":2},"end":{"line":165,"column":14}},"loc":{"start":{"line":165,"column":32},"end":{"line":167,"column":null}}},"27":{"name":"(anonymous_28)","decl":{"start":{"line":174,"column":2},"end":{"line":174,"column":14}},"loc":{"start":{"line":174,"column":32},"end":{"line":176,"column":null}}}},"branchMap":{"0":{"loc":{"start":{"line":49,"column":10},"end":{"line":49,"column":null}},"type":"binary-expr","locations":[{"start":{"line":49,"column":10},"end":{"line":49,"column":34}},{"start":{"line":49,"column":34},"end":{"line":49,"column":null}}]},"1":{"loc":{"start":{"line":56,"column":11},"end":{"line":56,"column":null}},"type":"cond-expr","locations":[{"start":{"line":56,"column":20},"end":{"line":56,"column":62}},{"start":{"line":56,"column":62},"end":{"line":56,"column":null}}]},"2":{"loc":{"start":{"line":98,"column":6},"end":{"line":100,"column":null}},"type":"if","locations":[{"start":{"line":98,"column":6},"end":{"line":100,"column":null}},{"start":{},"end":{}}]},"3":{"loc":{"start":{"line":105,"column":6},"end":{"line":107,"column":null}},"type":"if","locations":[{"start":{"line":105,"column":6},"end":{"line":107,"column":null}},{"start":{},"end":{}}]},"4":{"loc":{"start":{"line":129,"column":11},"end":{"line":129,"column":null}},"type":"binary-expr","locations":[{"start":{"line":129,"column":11},"end":{"line":129,"column":129}},{"start":{"line":129,"column":129},"end":{"line":129,"column":null}}]},"5":{"loc":{"start":{"line":136,"column":6},"end":{"line":138,"column":null}},"type":"if","locations":[{"start":{"line":136,"column":6},"end":{"line":138,"column":null}},{"start":{},"end":{}}]},"6":{"loc":{"start":{"line":150,"column":6},"end":{"line":152,"column":null}},"type":"if","locations":[{"start":{"line":150,"column":6},"end":{"line":152,"column":null}},{"start":{},"end":{}}]}},"s":{"0":0,"1":0,"2":0,"3":0,"4":0,"5":0,"6":0,"7":0,"8":0,"9":0,"10":0,"11":0,"12":0,"13":0,"14":0,"15":0,"16":0,"17":0,"18":0,"19":0,"20":0,"21":0,"22":0,"23":0,"24":0,"25":0,"26":0,"27":0,"28":0,"29":0,"30":0,"31":0,"32":0,"33":0,"34":0,"35":0,"36":0,"37":0,"38":0,"39":0,"40":0,"41":0,"42":0,"43":0,"44":0,"45":0,"46":0,"47":0,"48":0,"49":0,"50":0,"51":0,"52":0,"53":0,"54":0,"55":0,"56":0,"57":0,"58":0,"59":0,"60":0,"61":0,"62":0,"63":0,"64":0,"65":0,"66":0,"67":0,"68":0,"69":0,"70":0},"f":{"0":0,"1":0,"2":0,"3":0,"4":0,"5":0,"6":0,"7":0,"8":0,"9":0,"10":0,"11":0,"12":0,"13":0,"14":0,"15":0,"16":0,"17":0,"18":0,"19":0,"20":0,"21":0,"22":0,"23":0,"24":0,"25":0,"26":0,"27":0},"b":{"0":[0,0],"1":[0,0],"2":[0,0],"3":[0,0],"4":[0,0],"5":[0,0],"6":[0,0]}}
,"C:/Users/Paolo/FE-engage-team-builder/src/app/services/team.service.ts": {"path":"C:/Users/Paolo/FE-engage-team-builder/src/app/services/team.service.ts","statementMap":{"0":{"start":{"line":27,"column":7},"end":{"line":265,"column":null}},"1":{"start":{"line":28,"column":2},"end":{"line":31,"column":null}},"2":{"start":{"line":32,"column":2},"end":{"line":32,"column":null}},"3":{"start":{"line":32,"column":58},"end":{"line":32,"column":77}},"4":{"start":{"line":33,"column":2},"end":{"line":33,"column":null}},"5":{"start":{"line":34,"column":2},"end":{"line":34,"column":null}},"6":{"start":{"line":35,"column":2},"end":{"line":35,"column":null}},"7":{"start":{"line":36,"column":2},"end":{"line":36,"column":null}},"8":{"start":{"line":37,"column":2},"end":{"line":37,"column":null}},"9":{"start":{"line":38,"column":2},"end":{"line":48,"column":null}},"10":{"start":{"line":40,"column":67},"end":{"line":47,"column":6}},"11":{"start":{"line":49,"column":2},"end":{"line":49,"column":null}},"12":{"start":{"line":52,"column":4},"end":{"line":52,"column":null}},"13":{"start":{"line":52,"column":50},"end":{"line":52,"column":61}},"14":{"start":{"line":56,"column":43},"end":{"line":56,"column":null}},"15":{"start":{"line":56,"column":87},"end":{"line":56,"column":103}},"16":{"start":{"line":57,"column":4},"end":{"line":59,"column":null}},"17":{"start":{"line":58,"column":6},"end":{"line":58,"column":null}},"18":{"start":{"line":60,"column":4},"end":{"line":60,"column":null}},"19":{"start":{"line":64,"column":4},"end":{"line":71,"column":null}},"20":{"start":{"line":64,"column":50},"end":{"line":71,"column":6}},"21":{"start":{"line":67,"column":8},"end":{"line":69,"column":null}},"22":{"start":{"line":75,"column":4},"end":{"line":82,"column":null}},"23":{"start":{"line":75,"column":50},"end":{"line":82,"column":6}},"24":{"start":{"line":78,"column":8},"end":{"line":80,"column":null}},"25":{"start":{"line":86,"column":4},"end":{"line":93,"column":null}},"26":{"start":{"line":86,"column":50},"end":{"line":93,"column":6}},"27":{"start":{"line":89,"column":8},"end":{"line":91,"column":null}},"28":{"start":{"line":97,"column":4},"end":{"line":99,"column":null}},"29":{"start":{"line":98,"column":6},"end":{"line":98,"column":null}},"30":{"start":{"line":100,"column":4},"end":{"line":117,"column":null}},"31":{"start":{"line":100,"column":50},"end":{"line":117,"column":6}},"32":{"start":{"line":103,"column":8},"end":{"line":115,"column":null}},"33":{"start":{"line":107,"column":14},"end":{"line":111,"column":null}},"34":{"start":{"line":108,"column":16},"end":{"line":108,"column":null}},"35":{"start":{"line":109,"column":14},"end":{"line":111,"column":null}},"36":{"start":{"line":110,"column":16},"end":{"line":110,"column":null}},"37":{"start":{"line":112,"column":14},"end":{"line":112,"column":null}},"38":{"start":{"line":121,"column":4},"end":{"line":123,"column":null}},"39":{"start":{"line":122,"column":6},"end":{"line":122,"column":null}},"40":{"start":{"line":124,"column":4},"end":{"line":141,"column":null}},"41":{"start":{"line":124,"column":50},"end":{"line":141,"column":6}},"42":{"start":{"line":127,"column":8},"end":{"line":139,"column":null}},"43":{"start":{"line":131,"column":14},"end":{"line":135,"column":null}},"44":{"start":{"line":132,"column":16},"end":{"line":132,"column":null}},"45":{"start":{"line":133,"column":14},"end":{"line":135,"column":null}},"46":{"start":{"line":134,"column":16},"end":{"line":134,"column":null}},"47":{"start":{"line":136,"column":14},"end":{"line":136,"column":null}},"48":{"start":{"line":146,"column":4},"end":{"line":160,"column":null}},"49":{"start":{"line":147,"column":40},"end":{"line":152,"column":null}},"50":{"start":{"line":149,"column":42},"end":{"line":149,"column":64}},"51":{"start":{"line":150,"column":66},"end":{"line":150,"column":81}},"52":{"start":{"line":151,"column":77},"end":{"line":151,"column":81}},"53":{"start":{"line":154,"column":6},"end":{"line":159,"column":null}},"54":{"start":{"line":155,"column":42},"end":{"line":155,"column":68}},"55":{"start":{"line":157,"column":37},"end":{"line":157,"column":null}},"56":{"start":{"line":158,"column":10},"end":{"line":158,"column":null}},"57":{"start":{"line":164,"column":4},"end":{"line":184,"column":null}},"58":{"start":{"line":166,"column":6},"end":{"line":183,"column":null}},"59":{"start":{"line":167,"column":40},"end":{"line":167,"column":62}},"60":{"start":{"line":168,"column":40},"end":{"line":168,"column":152}},"61":{"start":{"line":170,"column":37},"end":{"line":170,"column":null}},"62":{"start":{"line":171,"column":10},"end":{"line":182,"column":null}},"63":{"start":{"line":172,"column":12},"end":{"line":174,"column":null}},"64":{"start":{"line":173,"column":14},"end":{"line":173,"column":null}},"65":{"start":{"line":175,"column":12},"end":{"line":180,"column":null}},"66":{"start":{"line":176,"column":14},"end":{"line":178,"column":null}},"67":{"start":{"line":177,"column":16},"end":{"line":177,"column":null}},"68":{"start":{"line":179,"column":14},"end":{"line":179,"column":null}},"69":{"start":{"line":188,"column":4},"end":{"line":198,"column":null}},"70":{"start":{"line":189,"column":37},"end":{"line":194,"column":null}},"71":{"start":{"line":191,"column":42},"end":{"line":191,"column":64}},"72":{"start":{"line":192,"column":63},"end":{"line":192,"column":75}},"73":{"start":{"line":193,"column":71},"end":{"line":193,"column":75}},"74":{"start":{"line":196,"column":6},"end":{"line":197,"column":null}},"75":{"start":{"line":197,"column":36},"end":{"line":197,"column":59}},"76":{"start":{"line":202,"column":4},"end":{"line":237,"column":null}},"77":{"start":{"line":203,"column":33},"end":{"line":203,"column":null}},"78":{"start":{"line":204,"column":43},"end":{"line":220,"column":null}},"79":{"start":{"line":207,"column":63},"end":{"line":207,"column":71}},"80":{"start":{"line":209,"column":12},"end":{"line":209,"column":null}},"81":{"start":{"line":209,"column":77},"end":{"line":209,"column":107}},"82":{"start":{"line":211,"column":45},"end":{"line":211,"column":54}},"83":{"start":{"line":214,"column":46},"end":{"line":214,"column":63}},"84":{"start":{"line":215,"column":53},"end":{"line":215,"column":62}},"85":{"start":{"line":217,"column":63},"end":{"line":217,"column":71}},"86":{"start":{"line":218,"column":47},"end":{"line":218,"column":62}},"87":{"start":{"line":219,"column":45},"end":{"line":219,"column":54}},"88":{"start":{"line":222,"column":6},"end":{"line":236,"column":null}},"89":{"start":{"line":223,"column":36},"end":{"line":223,"column":58}},"90":{"start":{"line":224,"column":36},"end":{"line":224,"column":65}},"91":{"start":{"line":226,"column":44},"end":{"line":226,"column":null}},"92":{"start":{"line":227,"column":10},"end":{"line":229,"column":null}},"93":{"start":{"line":228,"column":12},"end":{"line":228,"column":null}},"94":{"start":{"line":230,"column":10},"end":{"line":235,"column":null}},"95":{"start":{"line":231,"column":12},"end":{"line":233,"column":null}},"96":{"start":{"line":232,"column":14},"end":{"line":232,"column":null}},"97":{"start":{"line":234,"column":12},"end":{"line":234,"column":null}},"98":{"start":{"line":241,"column":4},"end":{"line":263,"column":null}},"99":{"start":{"line":242,"column":6},"end":{"line":244,"column":null}},"100":{"start":{"line":243,"column":8},"end":{"line":243,"column":null}},"101":{"start":{"line":246,"column":33},"end":{"line":246,"column":null}},"102":{"start":{"line":247,"column":44},"end":{"line":247,"column":null}},"103":{"start":{"line":250,"column":45},"end":{"line":250,"column":null}},"104":{"start":{"line":251,"column":6},"end":{"line":259,"column":null}},"105":{"start":{"line":252,"column":57},"end":{"line":252,"column":64}},"106":{"start":{"line":254,"column":10},"end":{"line":254,"column":null}},"107":{"start":{"line":254,"column":83},"end":{"line":254,"column":111}},"108":{"start":{"line":257,"column":33},"end":{"line":257,"column":null}},"109":{"start":{"line":258,"column":10},"end":{"line":258,"column":null}},"110":{"start":{"line":258,"column":42},"end":{"line":258,"column":72}},"111":{"start":{"line":260,"column":6},"end":{"line":262,"column":null}},"112":{"start":{"line":261,"column":8},"end":{"line":261,"column":null}},"113":{"start":{"line":27,"column":13},"end":{"line":27,"column":25}}},"fnMap":{"0":{"name":"(anonymous_1)","decl":{"start":{"line":27,"column":7},"end":{"line":27,"column":13}},"loc":{"start":{"line":27,"column":7},"end":{"line":49,"column":null}}},"1":{"name":"(anonymous_2)","decl":{"start":{"line":32,"column":52},"end":{"line":32,"column":58}},"loc":{"start":{"line":32,"column":58},"end":{"line":32,"column":77}}},"2":{"name":"(anonymous_3)","decl":{"start":{"line":40,"column":52},"end":{"line":40,"column":53}},"loc":{"start":{"line":40,"column":67},"end":{"line":47,"column":6}}},"3":{"name":"(anonymous_4)","decl":{"start":{"line":51,"column":9},"end":{"line":51,"column":24}},"loc":{"start":{"line":51,"column":60},"end":{"line":53,"column":null}}},"4":{"name":"(anonymous_5)","decl":{"start":{"line":52,"column":31},"end":{"line":52,"column":32}},"loc":{"start":{"line":52,"column":50},"end":{"line":52,"column":61}}},"5":{"name":"(anonymous_6)","decl":{"start":{"line":55,"column":9},"end":{"line":55,"column":23}},"loc":{"start":{"line":55,"column":53},"end":{"line":61,"column":null}}},"6":{"name":"(anonymous_7)","decl":{"start":{"line":56,"column":63},"end":{"line":56,"column":64}},"loc":{"start":{"line":56,"column":87},"end":{"line":56,"column":103}}},"7":{"name":"(anonymous_8)","decl":{"start":{"line":63,"column":2},"end":{"line":63,"column":24}},"loc":{"start":{"line":63,"column":87},"end":{"line":72,"column":null}}},"8":{"name":"(anonymous_9)","decl":{"start":{"line":64,"column":27},"end":{"line":64,"column":28}},"loc":{"start":{"line":64,"column":50},"end":{"line":71,"column":6}}},"9":{"name":"(anonymous_10)","decl":{"start":{"line":66,"column":32},"end":{"line":66,"column":33}},"loc":{"start":{"line":67,"column":8},"end":{"line":69,"column":null}}},"10":{"name":"(anonymous_11)","decl":{"start":{"line":74,"column":2},"end":{"line":74,"column":20}},"loc":{"start":{"line":74,"column":75},"end":{"line":83,"column":null}}},"11":{"name":"(anonymous_12)","decl":{"start":{"line":75,"column":27},"end":{"line":75,"column":28}},"loc":{"start":{"line":75,"column":50},"end":{"line":82,"column":6}}},"12":{"name":"(anonymous_13)","decl":{"start":{"line":77,"column":32},"end":{"line":77,"column":33}},"loc":{"start":{"line":78,"column":8},"end":{"line":80,"column":null}}},"13":{"name":"(anonymous_14)","decl":{"start":{"line":85,"column":2},"end":{"line":85,"column":21}},"loc":{"start":{"line":85,"column":72},"end":{"line":94,"column":null}}},"14":{"name":"(anonymous_15)","decl":{"start":{"line":86,"column":27},"end":{"line":86,"column":28}},"loc":{"start":{"line":86,"column":50},"end":{"line":93,"column":6}}},"15":{"name":"(anonymous_16)","decl":{"start":{"line":88,"column":32},"end":{"line":88,"column":33}},"loc":{"start":{"line":89,"column":8},"end":{"line":91,"column":null}}},"16":{"name":"(anonymous_17)","decl":{"start":{"line":96,"column":2},"end":{"line":96,"column":21}},"loc":{"start":{"line":96,"column":93},"end":{"line":118,"column":null}}},"17":{"name":"(anonymous_18)","decl":{"start":{"line":100,"column":27},"end":{"line":100,"column":28}},"loc":{"start":{"line":100,"column":50},"end":{"line":117,"column":6}}},"18":{"name":"(anonymous_19)","decl":{"start":{"line":102,"column":32},"end":{"line":102,"column":33}},"loc":{"start":{"line":103,"column":8},"end":{"line":115,"column":null}}},"19":{"name":"(anonymous_20)","decl":{"start":{"line":106,"column":40},"end":{"line":106,"column":41}},"loc":{"start":{"line":106,"column":97},"end":{"line":113,"column":13}}},"20":{"name":"(anonymous_21)","decl":{"start":{"line":120,"column":2},"end":{"line":120,"column":31}},"loc":{"start":{"line":120,"column":100},"end":{"line":142,"column":null}}},"21":{"name":"(anonymous_22)","decl":{"start":{"line":124,"column":27},"end":{"line":124,"column":28}},"loc":{"start":{"line":124,"column":50},"end":{"line":141,"column":6}}},"22":{"name":"(anonymous_23)","decl":{"start":{"line":126,"column":32},"end":{"line":126,"column":33}},"loc":{"start":{"line":127,"column":8},"end":{"line":139,"column":null}}},"23":{"name":"(anonymous_24)","decl":{"start":{"line":130,"column":60},"end":{"line":130,"column":61}},"loc":{"start":{"line":130,"column":114},"end":{"line":137,"column":13}}},"24":{"name":"(anonymous_25)","decl":{"start":{"line":145,"column":9},"end":{"line":145,"column":32}},"loc":{"start":{"line":145,"column":77},"end":{"line":161,"column":null}}},"25":{"name":"(anonymous_26)","decl":{"start":{"line":146,"column":20},"end":{"line":146,"column":39}},"loc":{"start":{"line":146,"column":39},"end":{"line":160,"column":5}}},"26":{"name":"(anonymous_27)","decl":{"start":{"line":149,"column":18},"end":{"line":149,"column":19}},"loc":{"start":{"line":149,"column":42},"end":{"line":149,"column":64}}},"27":{"name":"(anonymous_28)","decl":{"start":{"line":150,"column":15},"end":{"line":150,"column":16}},"loc":{"start":{"line":150,"column":66},"end":{"line":150,"column":81}}},"28":{"name":"(anonymous_29)","decl":{"start":{"line":151,"column":18},"end":{"line":151,"column":19}},"loc":{"start":{"line":151,"column":77},"end":{"line":151,"column":81}}},"29":{"name":"(anonymous_30)","decl":{"start":{"line":155,"column":16},"end":{"line":155,"column":17}},"loc":{"start":{"line":155,"column":42},"end":{"line":155,"column":68}}},"30":{"name":"(anonymous_31)","decl":{"start":{"line":156,"column":16},"end":{"line":156,"column":17}},"loc":{"start":{"line":156,"column":42},"end":{"line":159,"column":9}}},"31":{"name":"(anonymous_32)","decl":{"start":{"line":163,"column":9},"end":{"line":163,"column":29}},"loc":{"start":{"line":163,"column":70},"end":{"line":185,"column":null}}},"32":{"name":"(anonymous_33)","decl":{"start":{"line":164,"column":20},"end":{"line":164,"column":35}},"loc":{"start":{"line":164,"column":35},"end":{"line":184,"column":5}}},"33":{"name":"(anonymous_34)","decl":{"start":{"line":167,"column":16},"end":{"line":167,"column":17}},"loc":{"start":{"line":167,"column":40},"end":{"line":167,"column":62}}},"34":{"name":"(anonymous_35)","decl":{"start":{"line":168,"column":16},"end":{"line":168,"column":17}},"loc":{"start":{"line":168,"column":40},"end":{"line":168,"column":152}}},"35":{"name":"(anonymous_36)","decl":{"start":{"line":169,"column":16},"end":{"line":169,"column":17}},"loc":{"start":{"line":169,"column":40},"end":{"line":183,"column":9}}},"36":{"name":"(anonymous_37)","decl":{"start":{"line":171,"column":38},"end":{"line":171,"column":39}},"loc":{"start":{"line":171,"column":74},"end":{"line":181,"column":null}}},"37":{"name":"(anonymous_38)","decl":{"start":{"line":175,"column":44},"end":{"line":175,"column":45}},"loc":{"start":{"line":175,"column":126},"end":{"line":180,"column":13}}},"38":{"name":"(anonymous_39)","decl":{"start":{"line":187,"column":9},"end":{"line":187,"column":29}},"loc":{"start":{"line":187,"column":71},"end":{"line":199,"column":null}}},"39":{"name":"(anonymous_40)","decl":{"start":{"line":188,"column":20},"end":{"line":188,"column":36}},"loc":{"start":{"line":188,"column":36},"end":{"line":198,"column":5}}},"40":{"name":"(anonymous_41)","decl":{"start":{"line":191,"column":18},"end":{"line":191,"column":19}},"loc":{"start":{"line":191,"column":42},"end":{"line":191,"column":64}}},"41":{"name":"(anonymous_42)","decl":{"start":{"line":192,"column":15},"end":{"line":192,"column":16}},"loc":{"start":{"line":192,"column":63},"end":{"line":192,"column":75}}},"42":{"name":"(anonymous_43)","decl":{"start":{"line":193,"column":18},"end":{"line":193,"column":19}},"loc":{"start":{"line":193,"column":71},"end":{"line":193,"column":75}}},"43":{"name":"(anonymous_44)","decl":{"start":{"line":197,"column":16},"end":{"line":197,"column":17}},"loc":{"start":{"line":197,"column":36},"end":{"line":197,"column":59}}},"44":{"name":"(anonymous_45)","decl":{"start":{"line":201,"column":9},"end":{"line":201,"column":29}},"loc":{"start":{"line":201,"column":96},"end":{"line":238,"column":null}}},"45":{"name":"(anonymous_46)","decl":{"start":{"line":202,"column":20},"end":{"line":202,"column":36}},"loc":{"start":{"line":202,"column":36},"end":{"line":237,"column":5}}},"46":{"name":"(anonymous_47)","decl":{"start":{"line":207,"column":18},"end":{"line":207,"column":19}},"loc":{"start":{"line":207,"column":63},"end":{"line":207,"column":71}}},"47":{"name":"(anonymous_48)","decl":{"start":{"line":208,"column":18},"end":{"line":208,"column":19}},"loc":{"start":{"line":208,"column":47},"end":{"line":210,"column":11}}},"48":{"name":"(anonymous_49)","decl":{"start":{"line":209,"column":44},"end":{"line":209,"column":45}},"loc":{"start":{"line":209,"column":77},"end":{"line":209,"column":107}}},"49":{"name":"(anonymous_50)","decl":{"start":{"line":211,"column":15},"end":{"line":211,"column":16}},"loc":{"start":{"line":211,"column":45},"end":{"line":211,"column":54}}},"50":{"name":"(anonymous_51)","decl":{"start":{"line":214,"column":18},"end":{"line":214,"column":19}},"loc":{"start":{"line":214,"column":46},"end":{"line":214,"column":63}}},"51":{"name":"(anonymous_52)","decl":{"start":{"line":215,"column":15},"end":{"line":215,"column":16}},"loc":{"start":{"line":215,"column":53},"end":{"line":215,"column":62}}},"52":{"name":"(anonymous_53)","decl":{"start":{"line":217,"column":18},"end":{"line":217,"column":19}},"loc":{"start":{"line":217,"column":63},"end":{"line":217,"column":71}}},"53":{"name":"(anonymous_54)","decl":{"start":{"line":218,"column":18},"end":{"line":218,"column":19}},"loc":{"start":{"line":218,"column":47},"end":{"line":218,"column":62}}},"54":{"name":"(anonymous_55)","decl":{"start":{"line":219,"column":15},"end":{"line":219,"column":16}},"loc":{"start":{"line":219,"column":45},"end":{"line":219,"column":54}}},"55":{"name":"(anonymous_56)","decl":{"start":{"line":223,"column":16},"end":{"line":223,"column":17}},"loc":{"start":{"line":223,"column":36},"end":{"line":223,"column":58}}},"56":{"name":"(anonymous_57)","decl":{"start":{"line":224,"column":16},"end":{"line":224,"column":17}},"loc":{"start":{"line":224,"column":36},"end":{"line":224,"column":65}}},"57":{"name":"(anonymous_58)","decl":{"start":{"line":225,"column":16},"end":{"line":225,"column":17}},"loc":{"start":{"line":225,"column":45},"end":{"line":236,"column":9}}},"58":{"name":"(anonymous_59)","decl":{"start":{"line":230,"column":42},"end":{"line":230,"column":43}},"loc":{"start":{"line":230,"column":124},"end":{"line":235,"column":11}}},"59":{"name":"(anonymous_60)","decl":{"start":{"line":240,"column":9},"end":{"line":240,"column":39}},"loc":{"start":{"line":240,"column":100},"end":{"line":264,"column":null}}},"60":{"name":"(anonymous_61)","decl":{"start":{"line":241,"column":20},"end":{"line":241,"column":35}},"loc":{"start":{"line":241,"column":35},"end":{"line":263,"column":5}}},"61":{"name":"(anonymous_62)","decl":{"start":{"line":252,"column":16},"end":{"line":252,"column":17}},"loc":{"start":{"line":252,"column":57},"end":{"line":252,"column":64}}},"62":{"name":"(anonymous_63)","decl":{"start":{"line":253,"column":16},"end":{"line":253,"column":17}},"loc":{"start":{"line":253,"column":43},"end":{"line":255,"column":9}}},"63":{"name":"(anonymous_64)","decl":{"start":{"line":254,"column":52},"end":{"line":254,"column":53}},"loc":{"start":{"line":254,"column":83},"end":{"line":254,"column":111}}},"64":{"name":"(anonymous_65)","decl":{"start":{"line":256,"column":17},"end":{"line":256,"column":18}},"loc":{"start":{"line":256,"column":35},"end":{"line":259,"column":9}}},"65":{"name":"(anonymous_66)","decl":{"start":{"line":258,"column":24},"end":{"line":258,"column":25}},"loc":{"start":{"line":258,"column":42},"end":{"line":258,"column":72}}},"66":{"name":"(anonymous_67)","decl":{"start":{"line":260,"column":41},"end":{"line":260,"column":42}},"loc":{"start":{"line":261,"column":8},"end":{"line":261,"column":null}}}},"branchMap":{"0":{"loc":{"start":{"line":57,"column":4},"end":{"line":59,"column":null}},"type":"if","locations":[{"start":{"line":57,"column":4},"end":{"line":59,"column":null}},{"start":{},"end":{}}]},"1":{"loc":{"start":{"line":67,"column":8},"end":{"line":69,"column":null}},"type":"cond-expr","locations":[{"start":{"line":68,"column":12},"end":{"line":68,"column":null}},{"start":{"line":69,"column":12},"end":{"line":69,"column":null}}]},"2":{"loc":{"start":{"line":68,"column":36},"end":{"line":68,"column":108}},"type":"cond-expr","locations":[{"start":{"line":68,"column":50},"end":{"line":68,"column":103}},{"start":{"line":68,"column":103},"end":{"line":68,"column":108}}]},"3":{"loc":{"start":{"line":78,"column":8},"end":{"line":80,"column":null}},"type":"cond-expr","locations":[{"start":{"line":79,"column":12},"end":{"line":79,"column":null}},{"start":{"line":80,"column":12},"end":{"line":80,"column":null}}]},"4":{"loc":{"start":{"line":79,"column":32},"end":{"line":79,"column":92}},"type":"cond-expr","locations":[{"start":{"line":79,"column":42},"end":{"line":79,"column":87}},{"start":{"line":79,"column":87},"end":{"line":79,"column":92}}]},"5":{"loc":{"start":{"line":89,"column":8},"end":{"line":91,"column":null}},"type":"cond-expr","locations":[{"start":{"line":90,"column":12},"end":{"line":90,"column":null}},{"start":{"line":91,"column":12},"end":{"line":91,"column":null}}]},"6":{"loc":{"start":{"line":90,"column":33},"end":{"line":90,"column":96}},"type":"cond-expr","locations":[{"start":{"line":90,"column":44},"end":{"line":90,"column":91}},{"start":{"line":90,"column":91},"end":{"line":90,"column":96}}]},"7":{"loc":{"start":{"line":97,"column":4},"end":{"line":99,"column":null}},"type":"if","locations":[{"start":{"line":97,"column":4},"end":{"line":99,"column":null}},{"start":{},"end":{}}]},"8":{"loc":{"start":{"line":97,"column":8},"end":{"line":97,"column":65}},"type":"binary-expr","locations":[{"start":{"line":97,"column":8},"end":{"line":97,"column":27}},{"start":{"line":97,"column":27},"end":{"line":97,"column":65}}]},"9":{"loc":{"start":{"line":103,"column":8},"end":{"line":115,"column":null}},"type":"cond-expr","locations":[{"start":{"line":104,"column":12},"end":{"line":114,"column":null}},{"start":{"line":115,"column":12},"end":{"line":115,"column":null}}]},"10":{"loc":{"start":{"line":107,"column":14},"end":{"line":111,"column":null}},"type":"if","locations":[{"start":{"line":107,"column":14},"end":{"line":111,"column":null}},{"start":{"line":109,"column":14},"end":{"line":111,"column":null}}]},"11":{"loc":{"start":{"line":109,"column":14},"end":{"line":111,"column":null}},"type":"if","locations":[{"start":{"line":109,"column":14},"end":{"line":111,"column":null}},{"start":{},"end":{}}]},"12":{"loc":{"start":{"line":121,"column":4},"end":{"line":123,"column":null}},"type":"if","locations":[{"start":{"line":121,"column":4},"end":{"line":123,"column":null}},{"start":{},"end":{}}]},"13":{"loc":{"start":{"line":121,"column":8},"end":{"line":121,"column":64}},"type":"binary-expr","locations":[{"start":{"line":121,"column":8},"end":{"line":121,"column":26}},{"start":{"line":121,"column":26},"end":{"line":121,"column":64}}]},"14":{"loc":{"start":{"line":127,"column":8},"end":{"line":139,"column":null}},"type":"cond-expr","locations":[{"start":{"line":128,"column":12},"end":{"line":138,"column":null}},{"start":{"line":139,"column":12},"end":{"line":139,"column":null}}]},"15":{"loc":{"start":{"line":131,"column":14},"end":{"line":135,"column":null}},"type":"if","locations":[{"start":{"line":131,"column":14},"end":{"line":135,"column":null}},{"start":{"line":133,"column":14},"end":{"line":135,"column":null}}]},"16":{"loc":{"start":{"line":133,"column":14},"end":{"line":135,"column":null}},"type":"if","locations":[{"start":{"line":133,"column":14},"end":{"line":135,"column":null}},{"start":{},"end":{}}]},"17":{"loc":{"start":{"line":158,"column":17},"end":{"line":158,"column":null}},"type":"binary-expr","locations":[{"start":{"line":158,"column":17},"end":{"line":158,"column":34}},{"start":{"line":158,"column":34},"end":{"line":158,"column":70}},{"start":{"line":158,"column":70},"end":{"line":158,"column":null}}]},"18":{"loc":{"start":{"line":168,"column":40},"end":{"line":168,"column":152}},"type":"binary-expr","locations":[{"start":{"line":168,"column":40},"end":{"line":168,"column":75}},{"start":{"line":168,"column":75},"end":{"line":168,"column":152}}]},"19":{"loc":{"start":{"line":172,"column":12},"end":{"line":174,"column":null}},"type":"if","locations":[{"start":{"line":172,"column":12},"end":{"line":174,"column":null}},{"start":{},"end":{}}]},"20":{"loc":{"start":{"line":176,"column":14},"end":{"line":178,"column":null}},"type":"if","locations":[{"start":{"line":176,"column":14},"end":{"line":178,"column":null}},{"start":{},"end":{}}]},"21":{"loc":{"start":{"line":227,"column":10},"end":{"line":229,"column":null}},"type":"if","locations":[{"start":{"line":227,"column":10},"end":{"line":229,"column":null}},{"start":{},"end":{}}]},"22":{"loc":{"start":{"line":231,"column":12},"end":{"line":233,"column":null}},"type":"if","locations":[{"start":{"line":231,"column":12},"end":{"line":233,"column":null}},{"start":{},"end":{}}]},"23":{"loc":{"start":{"line":242,"column":6},"end":{"line":244,"column":null}},"type":"if","locations":[{"start":{"line":242,"column":6},"end":{"line":244,"column":null}},{"start":{},"end":{}}]},"24":{"loc":{"start":{"line":242,"column":10},"end":{"line":242,"column":66}},"type":"binary-expr","locations":[{"start":{"line":242,"column":10},"end":{"line":242,"column":28}},{"start":{"line":242,"column":28},"end":{"line":242,"column":66}}]}},"s":{"0":0,"1":0,"2":0,"3":0,"4":0,"5":0,"6":0,"7":0,"8":0,"9":0,"10":0,"11":0,"12":0,"13":0,"14":0,"15":0,"16":0,"17":0,"18":0,"19":0,"20":0,"21":0,"22":0,"23":0,"24":0,"25":0,"26":0,"27":0,"28":0,"29":0,"30":0,"31":0,"32":0,"33":0,"34":0,"35":0,"36":0,"37":0,"38":0,"39":0,"40":0,"41":0,"42":0,"43":0,"44":0,"45":0,"46":0,"47":0,"48":0,"49":0,"50":0,"51":0,"52":0,"53":0,"54":0,"55":0,"56":0,"57":0,"58":0,"59":0,"60":0,"61":0,"62":0,"63":0,"64":0,"65":0,"66":0,"67":0,"68":0,"69":0,"70":0,"71":0,"72":0,"73":0,"74":0,"75":0,"76":0,"77":0,"78":0,"79":0,"80":0,"81":0,"82":0,"83":0,"84":0,"85":0,"86":0,"87":0,"88":0,"89":0,"90":0,"91":0,"92":0,"93":0,"94":0,"95":0,"96":0,"97":0,"98":0,"99":0,"100":0,"101":0,"102":0,"103":0,"104":0,"105":0,"106":0,"107":0,"108":0,"109":0,"110":0,"111":0,"112":0,"113":0},"f":{"0":0,"1":0,"2":0,"3":0,"4":0,"5":0,"6":0,"7":0,"8":0,"9":0,"10":0,"11":0,"12":0,"13":0,"14":0,"15":0,"16":0,"17":0,"18":0,"19":0,"20":0,"21":0,"22":0,"23":0,"24":0,"25":0,"26":0,"27":0,"28":0,"29":0,"30":0,"31":0,"32":0,"33":0,"34":0,"35":0,"36":0,"37":0,"38":0,"39":0,"40":0,"41":0,"42":0,"43":0,"44":0,"45":0,"46":0,"47":0,"48":0,"49":0,"50":0,"51":0,"52":0,"53":0,"54":0,"55":0,"56":0,"57":0,"58":0,"59":0,"60":0,"61":0,"62":0,"63":0,"64":0,"65":0,"66":0},"b":{"0":[0,0],"1":[0,0],"2":[0,0],"3":[0,0],"4":[0,0],"5":[0,0],"6":[0,0],"7":[0,0],"8":[0,0],"9":[0,0],"10":[0,0],"11":[0,0],"12":[0,0],"13":[0,0],"14":[0,0],"15":[0,0],"16":[0,0],"17":[0,0,0],"18":[0,0],"19":[0,0],"20":[0,0],"21":[0,0],"22":[0,0],"23":[0,0],"24":[0,0]}}
,"C:/Users/Paolo/FE-engage-team-builder/src/app/services/view-state.service.ts": {"path":"C:/Users/Paolo/FE-engage-team-builder/src/app/services/view-state.service.ts","statementMap":{"0":{"start":{"line":8,"column":7},"end":{"line":36,"column":null}},"1":{"start":{"line":9,"column":2},"end":{"line":9,"column":null}},"2":{"start":{"line":10,"column":2},"end":{"line":10,"column":null}},"3":{"start":{"line":11,"column":2},"end":{"line":11,"column":null}},"4":{"start":{"line":14,"column":4},"end":{"line":14,"column":null}},"5":{"start":{"line":18,"column":4},"end":{"line":18,"column":null}},"6":{"start":{"line":22,"column":4},"end":{"line":22,"column":null}},"7":{"start":{"line":26,"column":4},"end":{"line":26,"column":null}},"8":{"start":{"line":30,"column":4},"end":{"line":30,"column":null}},"9":{"start":{"line":34,"column":4},"end":{"line":34,"column":null}},"10":{"start":{"line":8,"column":13},"end":{"line":8,"column":30}}},"fnMap":{"0":{"name":"(anonymous_1)","decl":{"start":{"line":8,"column":7},"end":{"line":8,"column":13}},"loc":{"start":{"line":8,"column":7},"end":{"line":11,"column":null}}},"1":{"name":"(anonymous_2)","decl":{"start":{"line":13,"column":2},"end":{"line":13,"column":45}},"loc":{"start":{"line":13,"column":45},"end":{"line":15,"column":null}}},"2":{"name":"(anonymous_3)","decl":{"start":{"line":17,"column":2},"end":{"line":17,"column":10}},"loc":{"start":{"line":17,"column":32},"end":{"line":19,"column":null}}},"3":{"name":"(anonymous_4)","decl":{"start":{"line":21,"column":2},"end":{"line":21,"column":58}},"loc":{"start":{"line":21,"column":58},"end":{"line":23,"column":null}}},"4":{"name":"(anonymous_5)","decl":{"start":{"line":25,"column":2},"end":{"line":25,"column":25}},"loc":{"start":{"line":25,"column":50},"end":{"line":27,"column":null}}},"5":{"name":"(anonymous_6)","decl":{"start":{"line":29,"column":2},"end":{"line":29,"column":53}},"loc":{"start":{"line":29,"column":53},"end":{"line":31,"column":null}}},"6":{"name":"(anonymous_7)","decl":{"start":{"line":33,"column":2},"end":{"line":33,"column":26}},"loc":{"start":{"line":33,"column":49},"end":{"line":35,"column":null}}}},"branchMap":{},"s":{"0":1,"1":1,"2":1,"3":1,"4":1,"5":0,"6":0,"7":0,"8":0,"9":0,"10":1},"f":{"0":1,"1":1,"2":0,"3":0,"4":0,"5":0,"6":0},"b":{}}
}
