{"C:/Users/Paolo/FE-engage-team-builder/src/app/services/Color.service.ts": {"path":"C:/Users/Paolo/FE-engage-team-builder/src/app/services/Color.service.ts","statementMap":{"0":{"start":{"line":13,"column":7},"end":{"line":73,"column":null}},"1":{"start":{"line":14,"column":2},"end":{"line":21,"column":null}},"2":{"start":{"line":23,"column":2},"end":{"line":32,"column":null}},"3":{"start":{"line":34,"column":2},"end":{"line":45,"column":null}},"4":{"start":{"line":47,"column":2},"end":{"line":54,"column":null}},"5":{"start":{"line":56,"column":2},"end":{"line":56,"column":null}},"6":{"start":{"line":59,"column":4},"end":{"line":59,"column":null}},"7":{"start":{"line":63,"column":4},"end":{"line":63,"column":null}},"8":{"start":{"line":67,"column":4},"end":{"line":67,"column":null}},"9":{"start":{"line":71,"column":4},"end":{"line":71,"column":null}},"10":{"start":{"line":13,"column":13},"end":{"line":13,"column":26}}},"fnMap":{"0":{"name":"(anonymous_1)","decl":{"start":{"line":13,"column":7},"end":{"line":13,"column":13}},"loc":{"start":{"line":13,"column":7},"end":{"line":56,"column":null}}},"1":{"name":"(anonymous_2)","decl":{"start":{"line":58,"column":9},"end":{"line":58,"column":30}},"loc":{"start":{"line":58,"column":60},"end":{"line":60,"column":null}}},"2":{"name":"(anonymous_3)","decl":{"start":{"line":62,"column":9},"end":{"line":62,"column":30}},"loc":{"start":{"line":62,"column":58},"end":{"line":64,"column":null}}},"3":{"name":"(anonymous_4)","decl":{"start":{"line":66,"column":9},"end":{"line":66,"column":27}},"loc":{"start":{"line":66,"column":51},"end":{"line":68,"column":null}}},"4":{"name":"(anonymous_5)","decl":{"start":{"line":70,"column":9},"end":{"line":70,"column":31}},"loc":{"start":{"line":70,"column":53},"end":{"line":72,"column":null}}}},"branchMap":{"0":{"loc":{"start":{"line":67,"column":11},"end":{"line":67,"column":null}},"type":"cond-expr","locations":[{"start":{"line":67,"column":29},"end":{"line":67,"column":54}},{"start":{"line":67,"column":54},"end":{"line":67,"column":null}}]}},"s":{"0":0,"1":0,"2":0,"3":0,"4":0,"5":0,"6":0,"7":0,"8":0,"9":0,"10":0},"f":{"0":0,"1":0,"2":0,"3":0,"4":0},"b":{"0":[0,0]}}
,"C:/Users/Paolo/FE-engage-team-builder/src/app/services/assets.service.ts": {"path":"C:/Users/Paolo/FE-engage-team-builder/src/app/services/assets.service.ts","statementMap":{"0":{"start":{"line":18,"column":7},"end":{"line":64,"column":null}},"1":{"start":{"line":24,"column":4},"end":{"line":30,"column":null}},"2":{"start":{"line":25,"column":6},"end":{"line":25,"column":null}},"3":{"start":{"line":26,"column":4},"end":{"line":30,"column":null}},"4":{"start":{"line":27,"column":6},"end":{"line":27,"column":null}},"5":{"start":{"line":28,"column":4},"end":{"line":30,"column":null}},"6":{"start":{"line":29,"column":6},"end":{"line":29,"column":null}},"7":{"start":{"line":31,"column":4},"end":{"line":31,"column":null}},"8":{"start":{"line":35,"column":4},"end":{"line":41,"column":null}},"9":{"start":{"line":36,"column":6},"end":{"line":36,"column":null}},"10":{"start":{"line":37,"column":4},"end":{"line":41,"column":null}},"11":{"start":{"line":38,"column":6},"end":{"line":38,"column":null}},"12":{"start":{"line":39,"column":4},"end":{"line":41,"column":null}},"13":{"start":{"line":40,"column":6},"end":{"line":40,"column":null}},"14":{"start":{"line":42,"column":4},"end":{"line":42,"column":null}},"15":{"start":{"line":46,"column":4},"end":{"line":46,"column":null}},"16":{"start":{"line":50,"column":4},"end":{"line":50,"column":null}},"17":{"start":{"line":54,"column":4},"end":{"line":54,"column":null}},"18":{"start":{"line":58,"column":4},"end":{"line":58,"column":null}},"19":{"start":{"line":62,"column":4},"end":{"line":62,"column":null}},"20":{"start":{"line":18,"column":13},"end":{"line":18,"column":27}}},"fnMap":{"0":{"name":"(anonymous_1)","decl":{"start":{"line":20,"column":2},"end":{"line":20,"column":16}},"loc":{"start":{"line":20,"column":16},"end":{"line":21,"column":null}}},"1":{"name":"(anonymous_2)","decl":{"start":{"line":23,"column":2},"end":{"line":23,"column":20}},"loc":{"start":{"line":23,"column":97},"end":{"line":32,"column":null}}},"2":{"name":"(anonymous_3)","decl":{"start":{"line":34,"column":2},"end":{"line":34,"column":17}},"loc":{"start":{"line":34,"column":85},"end":{"line":43,"column":null}}},"3":{"name":"(anonymous_4)","decl":{"start":{"line":45,"column":2},"end":{"line":45,"column":17}},"loc":{"start":{"line":45,"column":92},"end":{"line":47,"column":null}}},"4":{"name":"(anonymous_5)","decl":{"start":{"line":49,"column":2},"end":{"line":49,"column":15}},"loc":{"start":{"line":49,"column":88},"end":{"line":51,"column":null}}},"5":{"name":"(anonymous_6)","decl":{"start":{"line":53,"column":2},"end":{"line":53,"column":16}},"loc":{"start":{"line":53,"column":90},"end":{"line":55,"column":null}}},"6":{"name":"(anonymous_7)","decl":{"start":{"line":57,"column":2},"end":{"line":57,"column":25}},"loc":{"start":{"line":57,"column":106},"end":{"line":59,"column":null}}},"7":{"name":"(anonymous_8)","decl":{"start":{"line":61,"column":2},"end":{"line":61,"column":21}},"loc":{"start":{"line":61,"column":53},"end":{"line":63,"column":null}}}},"branchMap":{"0":{"loc":{"start":{"line":23,"column":49},"end":{"line":23,"column":97}},"type":"default-arg","locations":[{"start":{"line":23,"column":67},"end":{"line":23,"column":97}}]},"1":{"loc":{"start":{"line":24,"column":4},"end":{"line":30,"column":null}},"type":"if","locations":[{"start":{"line":24,"column":4},"end":{"line":30,"column":null}},{"start":{"line":26,"column":4},"end":{"line":30,"column":null}}]},"2":{"loc":{"start":{"line":26,"column":4},"end":{"line":30,"column":null}},"type":"if","locations":[{"start":{"line":26,"column":4},"end":{"line":30,"column":null}},{"start":{"line":28,"column":4},"end":{"line":30,"column":null}}]},"3":{"loc":{"start":{"line":28,"column":4},"end":{"line":30,"column":null}},"type":"if","locations":[{"start":{"line":28,"column":4},"end":{"line":30,"column":null}},{"start":{},"end":{}}]},"4":{"loc":{"start":{"line":34,"column":37},"end":{"line":34,"column":85}},"type":"default-arg","locations":[{"start":{"line":34,"column":55},"end":{"line":34,"column":85}}]},"5":{"loc":{"start":{"line":35,"column":4},"end":{"line":41,"column":null}},"type":"if","locations":[{"start":{"line":35,"column":4},"end":{"line":41,"column":null}},{"start":{"line":37,"column":4},"end":{"line":41,"column":null}}]},"6":{"loc":{"start":{"line":37,"column":4},"end":{"line":41,"column":null}},"type":"if","locations":[{"start":{"line":37,"column":4},"end":{"line":41,"column":null}},{"start":{"line":39,"column":4},"end":{"line":41,"column":null}}]},"7":{"loc":{"start":{"line":39,"column":4},"end":{"line":41,"column":null}},"type":"if","locations":[{"start":{"line":39,"column":4},"end":{"line":41,"column":null}},{"start":{},"end":{}}]},"8":{"loc":{"start":{"line":45,"column":43},"end":{"line":45,"column":92}},"type":"default-arg","locations":[{"start":{"line":45,"column":62},"end":{"line":45,"column":92}}]},"9":{"loc":{"start":{"line":49,"column":39},"end":{"line":49,"column":88}},"type":"default-arg","locations":[{"start":{"line":49,"column":58},"end":{"line":49,"column":88}}]},"10":{"loc":{"start":{"line":53,"column":41},"end":{"line":53,"column":90}},"type":"default-arg","locations":[{"start":{"line":53,"column":60},"end":{"line":53,"column":90}}]},"11":{"loc":{"start":{"line":57,"column":57},"end":{"line":57,"column":106}},"type":"default-arg","locations":[{"start":{"line":57,"column":76},"end":{"line":57,"column":106}}]}},"s":{"0":0,"1":0,"2":0,"3":0,"4":0,"5":0,"6":0,"7":0,"8":0,"9":0,"10":0,"11":0,"12":0,"13":0,"14":0,"15":0,"16":0,"17":0,"18":0,"19":0,"20":0},"f":{"0":0,"1":0,"2":0,"3":0,"4":0,"5":0,"6":0,"7":0},"b":{"0":[0],"1":[0,0],"2":[0,0],"3":[0,0],"4":[0],"5":[0,0],"6":[0,0],"7":[0,0],"8":[0],"9":[0],"10":[0],"11":[0]}}
,"C:/Users/Paolo/FE-engage-team-builder/src/app/services/resources.service.ts": {"path":"C:/Users/Paolo/FE-engage-team-builder/src/app/services/resources.service.ts","statementMap":{"0":{"start":{"line":25,"column":7},"end":{"line":29,"column":null}},"1":{"start":{"line":27,"column":4},"end":{"line":27,"column":null}},"2":{"start":{"line":25,"column":13},"end":{"line":25,"column":38}},"3":{"start":{"line":34,"column":7},"end":{"line":77,"column":null}},"4":{"start":{"line":39,"column":4},"end":{"line":39,"column":null}},"5":{"start":{"line":35,"column":2},"end":{"line":35,"column":null}},"6":{"start":{"line":36,"column":2},"end":{"line":36,"column":null}},"7":{"start":{"line":43,"column":4},"end":{"line":51,"column":null}},"8":{"start":{"line":44,"column":29},"end":{"line":44,"column":null}},"9":{"start":{"line":46,"column":6},"end":{"line":50,"column":null}},"10":{"start":{"line":47,"column":25},"end":{"line":47,"column":69}},"11":{"start":{"line":49,"column":10},"end":{"line":49,"column":null}},"12":{"start":{"line":55,"column":19},"end":{"line":55,"column":null}},"13":{"start":{"line":56,"column":4},"end":{"line":56,"column":null}},"14":{"start":{"line":60,"column":4},"end":{"line":66,"column":null}},"15":{"start":{"line":61,"column":29},"end":{"line":61,"column":null}},"16":{"start":{"line":63,"column":6},"end":{"line":65,"column":null}},"17":{"start":{"line":64,"column":23},"end":{"line":64,"column":63}},"18":{"start":{"line":65,"column":40},"end":{"line":65,"column":58}},"19":{"start":{"line":70,"column":4},"end":{"line":75,"column":null}},"20":{"start":{"line":71,"column":6},"end":{"line":74,"column":null}},"21":{"start":{"line":34,"column":13},"end":{"line":34,"column":35}},"22":{"start":{"line":82,"column":7},"end":{"line":86,"column":null}},"23":{"start":{"line":84,"column":4},"end":{"line":84,"column":null}},"24":{"start":{"line":82,"column":13},"end":{"line":82,"column":35}},"25":{"start":{"line":91,"column":7},"end":{"line":159,"column":null}},"26":{"start":{"line":121,"column":4},"end":{"line":121,"column":null}},"27":{"start":{"line":92,"column":2},"end":{"line":118,"column":null}},"28":{"start":{"line":93,"column":28},"end":{"line":93,"column":null}},"29":{"start":{"line":94,"column":40},"end":{"line":94,"column":null}},"30":{"start":{"line":95,"column":32},"end":{"line":95,"column":null}},"31":{"start":{"line":97,"column":4},"end":{"line":115,"column":null}},"32":{"start":{"line":98,"column":6},"end":{"line":100,"column":null}},"33":{"start":{"line":99,"column":8},"end":{"line":99,"column":null}},"34":{"start":{"line":102,"column":31},"end":{"line":102,"column":null}},"35":{"start":{"line":105,"column":6},"end":{"line":107,"column":null}},"36":{"start":{"line":106,"column":8},"end":{"line":106,"column":null}},"37":{"start":{"line":110,"column":38},"end":{"line":110,"column":null}},"38":{"start":{"line":113,"column":6},"end":{"line":113,"column":null}},"39":{"start":{"line":114,"column":6},"end":{"line":114,"column":null}},"40":{"start":{"line":117,"column":4},"end":{"line":117,"column":null}},"41":{"start":{"line":125,"column":4},"end":{"line":125,"column":null}},"42":{"start":{"line":125,"column":58},"end":{"line":125,"column":82}},"43":{"start":{"line":129,"column":4},"end":{"line":129,"column":null}},"44":{"start":{"line":129,"column":60},"end":{"line":129,"column":124}},"45":{"start":{"line":129,"column":97},"end":{"line":129,"column":105}},"46":{"start":{"line":133,"column":30},"end":{"line":133,"column":null}},"47":{"start":{"line":134,"column":4},"end":{"line":140,"column":null}},"48":{"start":{"line":135,"column":47},"end":{"line":135,"column":null}},"49":{"start":{"line":135,"column":80},"end":{"line":135,"column":117}},"50":{"start":{"line":136,"column":6},"end":{"line":138,"column":null}},"51":{"start":{"line":137,"column":8},"end":{"line":137,"column":null}},"52":{"start":{"line":139,"column":6},"end":{"line":139,"column":null}},"53":{"start":{"line":141,"column":4},"end":{"line":141,"column":null}},"54":{"start":{"line":145,"column":27},"end":{"line":145,"column":null}},"55":{"start":{"line":146,"column":30},"end":{"line":146,"column":null}},"56":{"start":{"line":148,"column":4},"end":{"line":155,"column":null}},"57":{"start":{"line":149,"column":46},"end":{"line":149,"column":null}},"58":{"start":{"line":149,"column":79},"end":{"line":149,"column":116}},"59":{"start":{"line":150,"column":6},"end":{"line":152,"column":null}},"60":{"start":{"line":151,"column":8},"end":{"line":151,"column":null}},"61":{"start":{"line":153,"column":6},"end":{"line":153,"column":null}},"62":{"start":{"line":154,"column":6},"end":{"line":154,"column":null}},"63":{"start":{"line":157,"column":4},"end":{"line":157,"column":null}},"64":{"start":{"line":91,"column":13},"end":{"line":91,"column":34}},"65":{"start":{"line":164,"column":7},"end":{"line":168,"column":null}},"66":{"start":{"line":166,"column":4},"end":{"line":166,"column":null}},"67":{"start":{"line":164,"column":13},"end":{"line":164,"column":33}},"68":{"start":{"line":173,"column":7},"end":{"line":177,"column":null}},"69":{"start":{"line":175,"column":4},"end":{"line":175,"column":null}},"70":{"start":{"line":173,"column":13},"end":{"line":173,"column":34}}},"fnMap":{"0":{"name":"(anonymous_1)","decl":{"start":{"line":26,"column":2},"end":{"line":26,"column":14}},"loc":{"start":{"line":26,"column":32},"end":{"line":28,"column":null}}},"1":{"name":"(anonymous_2)","decl":{"start":{"line":38,"column":2},"end":{"line":38,"column":14}},"loc":{"start":{"line":38,"column":32},"end":{"line":40,"column":null}}},"2":{"name":"(anonymous_3)","decl":{"start":{"line":42,"column":2},"end":{"line":42,"column":19}},"loc":{"start":{"line":42,"column":57},"end":{"line":52,"column":null}}},"3":{"name":"(anonymous_4)","decl":{"start":{"line":43,"column":20},"end":{"line":43,"column":26}},"loc":{"start":{"line":43,"column":26},"end":{"line":51,"column":5}}},"4":{"name":"(anonymous_5)","decl":{"start":{"line":47,"column":13},"end":{"line":47,"column":25}},"loc":{"start":{"line":47,"column":25},"end":{"line":47,"column":69}}},"5":{"name":"(anonymous_6)","decl":{"start":{"line":48,"column":16},"end":{"line":48,"column":17}},"loc":{"start":{"line":49,"column":10},"end":{"line":49,"column":null}}},"6":{"name":"(anonymous_7)","decl":{"start":{"line":54,"column":2},"end":{"line":54,"column":28}},"loc":{"start":{"line":54,"column":77},"end":{"line":57,"column":null}}},"7":{"name":"(anonymous_8)","decl":{"start":{"line":59,"column":2},"end":{"line":59,"column":17}},"loc":{"start":{"line":59,"column":53},"end":{"line":67,"column":null}}},"8":{"name":"(anonymous_9)","decl":{"start":{"line":60,"column":20},"end":{"line":60,"column":26}},"loc":{"start":{"line":60,"column":26},"end":{"line":66,"column":5}}},"9":{"name":"(anonymous_10)","decl":{"start":{"line":64,"column":13},"end":{"line":64,"column":23}},"loc":{"start":{"line":64,"column":23},"end":{"line":64,"column":63}}},"10":{"name":"(anonymous_11)","decl":{"start":{"line":65,"column":16},"end":{"line":65,"column":17}},"loc":{"start":{"line":65,"column":40},"end":{"line":65,"column":58}}},"11":{"name":"(anonymous_12)","decl":{"start":{"line":69,"column":2},"end":{"line":69,"column":17}},"loc":{"start":{"line":69,"column":64},"end":{"line":76,"column":null}}},"12":{"name":"(anonymous_13)","decl":{"start":{"line":70,"column":20},"end":{"line":70,"column":26}},"loc":{"start":{"line":70,"column":26},"end":{"line":75,"column":5}}},"13":{"name":"(anonymous_14)","decl":{"start":{"line":83,"column":2},"end":{"line":83,"column":14}},"loc":{"start":{"line":83,"column":32},"end":{"line":85,"column":null}}},"14":{"name":"(anonymous_15)","decl":{"start":{"line":120,"column":2},"end":{"line":120,"column":14}},"loc":{"start":{"line":120,"column":32},"end":{"line":122,"column":null}}},"15":{"name":"(anonymous_16)","decl":{"start":{"line":92,"column":49},"end":{"line":92,"column":55}},"loc":{"start":{"line":92,"column":55},"end":{"line":118,"column":3}}},"16":{"name":"(anonymous_17)","decl":{"start":{"line":97,"column":19},"end":{"line":97,"column":20}},"loc":{"start":{"line":97,"column":37},"end":{"line":115,"column":5}}},"17":{"name":"(anonymous_18)","decl":{"start":{"line":124,"column":2},"end":{"line":124,"column":18}},"loc":{"start":{"line":124,"column":44},"end":{"line":126,"column":null}}},"18":{"name":"(anonymous_19)","decl":{"start":{"line":125,"column":40},"end":{"line":125,"column":41}},"loc":{"start":{"line":125,"column":58},"end":{"line":125,"column":82}}},"19":{"name":"(anonymous_20)","decl":{"start":{"line":128,"column":2},"end":{"line":128,"column":31}},"loc":{"start":{"line":128,"column":58},"end":{"line":130,"column":null}}},"20":{"name":"(anonymous_21)","decl":{"start":{"line":129,"column":40},"end":{"line":129,"column":41}},"loc":{"start":{"line":129,"column":60},"end":{"line":129,"column":124}}},"21":{"name":"(anonymous_22)","decl":{"start":{"line":129,"column":70},"end":{"line":129,"column":71}},"loc":{"start":{"line":129,"column":97},"end":{"line":129,"column":105}}},"22":{"name":"(anonymous_23)","decl":{"start":{"line":132,"column":10},"end":{"line":132,"column":23}},"loc":{"start":{"line":132,"column":64},"end":{"line":142,"column":null}}},"23":{"name":"(anonymous_24)","decl":{"start":{"line":135,"column":62},"end":{"line":135,"column":63}},"loc":{"start":{"line":135,"column":80},"end":{"line":135,"column":117}}},"24":{"name":"(anonymous_25)","decl":{"start":{"line":144,"column":10},"end":{"line":144,"column":30}},"loc":{"start":{"line":144,"column":77},"end":{"line":158,"column":null}}},"25":{"name":"(anonymous_26)","decl":{"start":{"line":149,"column":61},"end":{"line":149,"column":62}},"loc":{"start":{"line":149,"column":79},"end":{"line":149,"column":116}}},"26":{"name":"(anonymous_27)","decl":{"start":{"line":165,"column":2},"end":{"line":165,"column":14}},"loc":{"start":{"line":165,"column":32},"end":{"line":167,"column":null}}},"27":{"name":"(anonymous_28)","decl":{"start":{"line":174,"column":2},"end":{"line":174,"column":14}},"loc":{"start":{"line":174,"column":32},"end":{"line":176,"column":null}}}},"branchMap":{"0":{"loc":{"start":{"line":49,"column":10},"end":{"line":49,"column":null}},"type":"binary-expr","locations":[{"start":{"line":49,"column":10},"end":{"line":49,"column":34}},{"start":{"line":49,"column":34},"end":{"line":49,"column":null}}]},"1":{"loc":{"start":{"line":56,"column":11},"end":{"line":56,"column":null}},"type":"cond-expr","locations":[{"start":{"line":56,"column":20},"end":{"line":56,"column":62}},{"start":{"line":56,"column":62},"end":{"line":56,"column":null}}]},"2":{"loc":{"start":{"line":98,"column":6},"end":{"line":100,"column":null}},"type":"if","locations":[{"start":{"line":98,"column":6},"end":{"line":100,"column":null}},{"start":{},"end":{}}]},"3":{"loc":{"start":{"line":105,"column":6},"end":{"line":107,"column":null}},"type":"if","locations":[{"start":{"line":105,"column":6},"end":{"line":107,"column":null}},{"start":{},"end":{}}]},"4":{"loc":{"start":{"line":129,"column":11},"end":{"line":129,"column":null}},"type":"binary-expr","locations":[{"start":{"line":129,"column":11},"end":{"line":129,"column":129}},{"start":{"line":129,"column":129},"end":{"line":129,"column":null}}]},"5":{"loc":{"start":{"line":136,"column":6},"end":{"line":138,"column":null}},"type":"if","locations":[{"start":{"line":136,"column":6},"end":{"line":138,"column":null}},{"start":{},"end":{}}]},"6":{"loc":{"start":{"line":150,"column":6},"end":{"line":152,"column":null}},"type":"if","locations":[{"start":{"line":150,"column":6},"end":{"line":152,"column":null}},{"start":{},"end":{}}]}},"s":{"0":0,"1":0,"2":0,"3":0,"4":0,"5":0,"6":0,"7":0,"8":0,"9":0,"10":0,"11":0,"12":0,"13":0,"14":0,"15":0,"16":0,"17":0,"18":0,"19":0,"20":0,"21":0,"22":0,"23":0,"24":0,"25":0,"26":0,"27":0,"28":0,"29":0,"30":0,"31":0,"32":0,"33":0,"34":0,"35":0,"36":0,"37":0,"38":0,"39":0,"40":0,"41":0,"42":0,"43":0,"44":0,"45":0,"46":0,"47":0,"48":0,"49":0,"50":0,"51":0,"52":0,"53":0,"54":0,"55":0,"56":0,"57":0,"58":0,"59":0,"60":0,"61":0,"62":0,"63":0,"64":0,"65":0,"66":0,"67":0,"68":0,"69":0,"70":0},"f":{"0":0,"1":0,"2":0,"3":0,"4":0,"5":0,"6":0,"7":0,"8":0,"9":0,"10":0,"11":0,"12":0,"13":0,"14":0,"15":0,"16":0,"17":0,"18":0,"19":0,"20":0,"21":0,"22":0,"23":0,"24":0,"25":0,"26":0,"27":0},"b":{"0":[0,0],"1":[0,0],"2":[0,0],"3":[0,0],"4":[0,0],"5":[0,0],"6":[0,0]}}
,"C:/Users/Paolo/FE-engage-team-builder/src/app/services/team.service.ts": {"path":"C:/Users/Paolo/FE-engage-team-builder/src/app/services/team.service.ts","statementMap":{"0":{"start":{"line":27,"column":7},"end":{"line":504,"column":null}},"1":{"start":{"line":28,"column":2},"end":{"line":28,"column":null}},"2":{"start":{"line":28,"column":72},"end":{"line":28,"column":104}},"3":{"start":{"line":29,"column":2},"end":{"line":29,"column":null}},"4":{"start":{"line":30,"column":2},"end":{"line":30,"column":null}},"5":{"start":{"line":31,"column":2},"end":{"line":31,"column":null}},"6":{"start":{"line":32,"column":2},"end":{"line":32,"column":null}},"7":{"start":{"line":33,"column":2},"end":{"line":33,"column":null}},"8":{"start":{"line":34,"column":2},"end":{"line":34,"column":null}},"9":{"start":{"line":35,"column":2},"end":{"line":35,"column":null}},"10":{"start":{"line":36,"column":2},"end":{"line":36,"column":null}},"11":{"start":{"line":37,"column":2},"end":{"line":40,"column":null}},"12":{"start":{"line":38,"column":30},"end":{"line":38,"column":null}},"13":{"start":{"line":39,"column":4},"end":{"line":39,"column":null}},"14":{"start":{"line":43,"column":4},"end":{"line":43,"column":null}},"15":{"start":{"line":45,"column":4},"end":{"line":47,"column":null}},"16":{"start":{"line":46,"column":6},"end":{"line":46,"column":null}},"17":{"start":{"line":49,"column":4},"end":{"line":54,"column":null}},"18":{"start":{"line":50,"column":38},"end":{"line":50,"column":null}},"19":{"start":{"line":51,"column":6},"end":{"line":53,"column":null}},"20":{"start":{"line":52,"column":8},"end":{"line":52,"column":null}},"21":{"start":{"line":58,"column":4},"end":{"line":64,"column":null}},"22":{"start":{"line":59,"column":37},"end":{"line":59,"column":null}},"23":{"start":{"line":60,"column":6},"end":{"line":62,"column":null}},"24":{"start":{"line":61,"column":8},"end":{"line":61,"column":null}},"25":{"start":{"line":63,"column":6},"end":{"line":63,"column":null}},"26":{"start":{"line":68,"column":30},"end":{"line":68,"column":null}},"27":{"start":{"line":69,"column":22},"end":{"line":69,"column":null}},"28":{"start":{"line":71,"column":26},"end":{"line":84,"column":null}},"29":{"start":{"line":76,"column":69},"end":{"line":83,"column":8}},"30":{"start":{"line":86,"column":4},"end":{"line":88,"column":null}},"31":{"start":{"line":87,"column":6},"end":{"line":87,"column":null}},"32":{"start":{"line":90,"column":4},"end":{"line":90,"column":null}},"33":{"start":{"line":92,"column":4},"end":{"line":92,"column":null}},"34":{"start":{"line":96,"column":4},"end":{"line":96,"column":null}},"35":{"start":{"line":96,"column":45},"end":{"line":96,"column":63}},"36":{"start":{"line":100,"column":35},"end":{"line":100,"column":null}},"37":{"start":{"line":101,"column":4},"end":{"line":103,"column":null}},"38":{"start":{"line":102,"column":6},"end":{"line":102,"column":null}},"39":{"start":{"line":104,"column":4},"end":{"line":104,"column":null}},"40":{"start":{"line":108,"column":4},"end":{"line":111,"column":null}},"41":{"start":{"line":109,"column":6},"end":{"line":109,"column":null}},"42":{"start":{"line":109,"column":49},"end":{"line":109,"column":53}},"43":{"start":{"line":110,"column":6},"end":{"line":110,"column":null}},"44":{"start":{"line":112,"column":4},"end":{"line":114,"column":null}},"45":{"start":{"line":113,"column":6},"end":{"line":113,"column":null}},"46":{"start":{"line":115,"column":4},"end":{"line":115,"column":null}},"47":{"start":{"line":115,"column":49},"end":{"line":115,"column":55}},"48":{"start":{"line":119,"column":4},"end":{"line":119,"column":null}},"49":{"start":{"line":119,"column":55},"end":{"line":119,"column":103}},"50":{"start":{"line":119,"column":84},"end":{"line":119,"column":102}},"51":{"start":{"line":122,"column":4},"end":{"line":122,"column":null}},"52":{"start":{"line":126,"column":4},"end":{"line":138,"column":null}},"53":{"start":{"line":127,"column":37},"end":{"line":127,"column":null}},"54":{"start":{"line":128,"column":6},"end":{"line":130,"column":null}},"55":{"start":{"line":129,"column":8},"end":{"line":129,"column":null}},"56":{"start":{"line":132,"column":36},"end":{"line":136,"column":null}},"57":{"start":{"line":137,"column":6},"end":{"line":137,"column":null}},"58":{"start":{"line":137,"column":46},"end":{"line":137,"column":90}},"59":{"start":{"line":142,"column":4},"end":{"line":142,"column":null}},"60":{"start":{"line":142,"column":50},"end":{"line":142,"column":61}},"61":{"start":{"line":146,"column":43},"end":{"line":146,"column":null}},"62":{"start":{"line":146,"column":87},"end":{"line":146,"column":103}},"63":{"start":{"line":147,"column":4},"end":{"line":149,"column":null}},"64":{"start":{"line":148,"column":6},"end":{"line":148,"column":null}},"65":{"start":{"line":150,"column":4},"end":{"line":150,"column":null}},"66":{"start":{"line":154,"column":30},"end":{"line":154,"column":null}},"67":{"start":{"line":155,"column":4},"end":{"line":157,"column":null}},"68":{"start":{"line":156,"column":6},"end":{"line":156,"column":null}},"69":{"start":{"line":158,"column":4},"end":{"line":173,"column":null}},"70":{"start":{"line":158,"column":55},"end":{"line":173,"column":6}},"71":{"start":{"line":159,"column":6},"end":{"line":161,"column":null}},"72":{"start":{"line":160,"column":8},"end":{"line":160,"column":null}},"73":{"start":{"line":162,"column":6},"end":{"line":172,"column":null}},"74":{"start":{"line":165,"column":10},"end":{"line":170,"column":null}},"75":{"start":{"line":177,"column":30},"end":{"line":177,"column":null}},"76":{"start":{"line":178,"column":4},"end":{"line":180,"column":null}},"77":{"start":{"line":179,"column":6},"end":{"line":179,"column":null}},"78":{"start":{"line":181,"column":4},"end":{"line":193,"column":null}},"79":{"start":{"line":181,"column":55},"end":{"line":193,"column":6}},"80":{"start":{"line":182,"column":6},"end":{"line":184,"column":null}},"81":{"start":{"line":183,"column":8},"end":{"line":183,"column":null}},"82":{"start":{"line":185,"column":6},"end":{"line":192,"column":null}},"83":{"start":{"line":188,"column":10},"end":{"line":190,"column":null}},"84":{"start":{"line":197,"column":30},"end":{"line":197,"column":null}},"85":{"start":{"line":198,"column":4},"end":{"line":200,"column":null}},"86":{"start":{"line":199,"column":6},"end":{"line":199,"column":null}},"87":{"start":{"line":201,"column":4},"end":{"line":213,"column":null}},"88":{"start":{"line":201,"column":55},"end":{"line":213,"column":6}},"89":{"start":{"line":202,"column":6},"end":{"line":204,"column":null}},"90":{"start":{"line":203,"column":8},"end":{"line":203,"column":null}},"91":{"start":{"line":205,"column":6},"end":{"line":212,"column":null}},"92":{"start":{"line":208,"column":10},"end":{"line":210,"column":null}},"93":{"start":{"line":217,"column":4},"end":{"line":219,"column":null}},"94":{"start":{"line":218,"column":6},"end":{"line":218,"column":null}},"95":{"start":{"line":220,"column":30},"end":{"line":220,"column":null}},"96":{"start":{"line":221,"column":4},"end":{"line":223,"column":null}},"97":{"start":{"line":222,"column":6},"end":{"line":222,"column":null}},"98":{"start":{"line":224,"column":4},"end":{"line":246,"column":null}},"99":{"start":{"line":224,"column":55},"end":{"line":246,"column":6}},"100":{"start":{"line":225,"column":6},"end":{"line":227,"column":null}},"101":{"start":{"line":226,"column":8},"end":{"line":226,"column":null}},"102":{"start":{"line":228,"column":6},"end":{"line":245,"column":null}},"103":{"start":{"line":231,"column":10},"end":{"line":243,"column":null}},"104":{"start":{"line":235,"column":16},"end":{"line":239,"column":null}},"105":{"start":{"line":236,"column":18},"end":{"line":236,"column":null}},"106":{"start":{"line":237,"column":16},"end":{"line":239,"column":null}},"107":{"start":{"line":238,"column":18},"end":{"line":238,"column":null}},"108":{"start":{"line":240,"column":16},"end":{"line":240,"column":null}},"109":{"start":{"line":250,"column":4},"end":{"line":252,"column":null}},"110":{"start":{"line":251,"column":6},"end":{"line":251,"column":null}},"111":{"start":{"line":253,"column":30},"end":{"line":253,"column":null}},"112":{"start":{"line":254,"column":4},"end":{"line":256,"column":null}},"113":{"start":{"line":255,"column":6},"end":{"line":255,"column":null}},"114":{"start":{"line":257,"column":4},"end":{"line":279,"column":null}},"115":{"start":{"line":257,"column":55},"end":{"line":279,"column":6}},"116":{"start":{"line":258,"column":6},"end":{"line":260,"column":null}},"117":{"start":{"line":259,"column":8},"end":{"line":259,"column":null}},"118":{"start":{"line":261,"column":6},"end":{"line":278,"column":null}},"119":{"start":{"line":264,"column":10},"end":{"line":276,"column":null}},"120":{"start":{"line":268,"column":16},"end":{"line":272,"column":null}},"121":{"start":{"line":269,"column":18},"end":{"line":269,"column":null}},"122":{"start":{"line":270,"column":16},"end":{"line":272,"column":null}},"123":{"start":{"line":271,"column":18},"end":{"line":271,"column":null}},"124":{"start":{"line":273,"column":16},"end":{"line":273,"column":null}},"125":{"start":{"line":284,"column":4},"end":{"line":332,"column":null}},"126":{"start":{"line":285,"column":40},"end":{"line":290,"column":null}},"127":{"start":{"line":287,"column":42},"end":{"line":287,"column":64}},"128":{"start":{"line":288,"column":66},"end":{"line":288,"column":81}},"129":{"start":{"line":289,"column":77},"end":{"line":289,"column":81}},"130":{"start":{"line":292,"column":6},"end":{"line":331,"column":null}},"131":{"start":{"line":293,"column":42},"end":{"line":293,"column":68}},"132":{"start":{"line":295,"column":37},"end":{"line":295,"column":null}},"133":{"start":{"line":296,"column":10},"end":{"line":296,"column":null}},"134":{"start":{"line":299,"column":37},"end":{"line":299,"column":null}},"135":{"start":{"line":300,"column":10},"end":{"line":330,"column":null}},"136":{"start":{"line":301,"column":12},"end":{"line":303,"column":null}},"137":{"start":{"line":302,"column":14},"end":{"line":302,"column":null}},"138":{"start":{"line":304,"column":12},"end":{"line":329,"column":null}},"139":{"start":{"line":305,"column":78},"end":{"line":305,"column":null}},"140":{"start":{"line":306,"column":64},"end":{"line":306,"column":null}},"141":{"start":{"line":307,"column":14},"end":{"line":324,"column":null}},"142":{"start":{"line":309,"column":18},"end":{"line":311,"column":null}},"143":{"start":{"line":310,"column":20},"end":{"line":310,"column":null}},"144":{"start":{"line":312,"column":18},"end":{"line":312,"column":null}},"145":{"start":{"line":314,"column":18},"end":{"line":316,"column":null}},"146":{"start":{"line":315,"column":20},"end":{"line":315,"column":null}},"147":{"start":{"line":317,"column":18},"end":{"line":317,"column":null}},"148":{"start":{"line":319,"column":18},"end":{"line":321,"column":null}},"149":{"start":{"line":320,"column":20},"end":{"line":320,"column":null}},"150":{"start":{"line":322,"column":18},"end":{"line":322,"column":null}},"151":{"start":{"line":325,"column":14},"end":{"line":327,"column":null}},"152":{"start":{"line":326,"column":16},"end":{"line":326,"column":null}},"153":{"start":{"line":328,"column":14},"end":{"line":328,"column":null}},"154":{"start":{"line":336,"column":4},"end":{"line":376,"column":null}},"155":{"start":{"line":338,"column":6},"end":{"line":375,"column":null}},"156":{"start":{"line":339,"column":40},"end":{"line":339,"column":62}},"157":{"start":{"line":340,"column":40},"end":{"line":340,"column":152}},"158":{"start":{"line":342,"column":37},"end":{"line":342,"column":null}},"159":{"start":{"line":343,"column":10},"end":{"line":374,"column":null}},"160":{"start":{"line":344,"column":12},"end":{"line":346,"column":null}},"161":{"start":{"line":345,"column":14},"end":{"line":345,"column":null}},"162":{"start":{"line":347,"column":12},"end":{"line":372,"column":null}},"163":{"start":{"line":348,"column":78},"end":{"line":348,"column":null}},"164":{"start":{"line":349,"column":64},"end":{"line":349,"column":null}},"165":{"start":{"line":350,"column":14},"end":{"line":367,"column":null}},"166":{"start":{"line":352,"column":18},"end":{"line":354,"column":null}},"167":{"start":{"line":353,"column":20},"end":{"line":353,"column":null}},"168":{"start":{"line":355,"column":18},"end":{"line":355,"column":null}},"169":{"start":{"line":357,"column":18},"end":{"line":359,"column":null}},"170":{"start":{"line":358,"column":20},"end":{"line":358,"column":null}},"171":{"start":{"line":360,"column":18},"end":{"line":360,"column":null}},"172":{"start":{"line":362,"column":18},"end":{"line":364,"column":null}},"173":{"start":{"line":363,"column":20},"end":{"line":363,"column":null}},"174":{"start":{"line":365,"column":18},"end":{"line":365,"column":null}},"175":{"start":{"line":368,"column":14},"end":{"line":370,"column":null}},"176":{"start":{"line":369,"column":16},"end":{"line":369,"column":null}},"177":{"start":{"line":371,"column":14},"end":{"line":371,"column":null}},"178":{"start":{"line":380,"column":4},"end":{"line":390,"column":null}},"179":{"start":{"line":381,"column":37},"end":{"line":386,"column":null}},"180":{"start":{"line":383,"column":42},"end":{"line":383,"column":64}},"181":{"start":{"line":384,"column":63},"end":{"line":384,"column":75}},"182":{"start":{"line":385,"column":71},"end":{"line":385,"column":75}},"183":{"start":{"line":388,"column":6},"end":{"line":389,"column":null}},"184":{"start":{"line":389,"column":36},"end":{"line":389,"column":59}},"185":{"start":{"line":394,"column":4},"end":{"line":447,"column":null}},"186":{"start":{"line":395,"column":33},"end":{"line":395,"column":null}},"187":{"start":{"line":396,"column":43},"end":{"line":410,"column":null}},"188":{"start":{"line":398,"column":63},"end":{"line":398,"column":71}},"189":{"start":{"line":400,"column":12},"end":{"line":400,"column":null}},"190":{"start":{"line":400,"column":77},"end":{"line":400,"column":107}},"191":{"start":{"line":402,"column":45},"end":{"line":402,"column":54}},"192":{"start":{"line":404,"column":46},"end":{"line":404,"column":63}},"193":{"start":{"line":405,"column":53},"end":{"line":405,"column":62}},"194":{"start":{"line":407,"column":63},"end":{"line":407,"column":71}},"195":{"start":{"line":408,"column":47},"end":{"line":408,"column":62}},"196":{"start":{"line":409,"column":45},"end":{"line":409,"column":54}},"197":{"start":{"line":412,"column":6},"end":{"line":446,"column":null}},"198":{"start":{"line":413,"column":36},"end":{"line":413,"column":58}},"199":{"start":{"line":414,"column":36},"end":{"line":414,"column":65}},"200":{"start":{"line":416,"column":44},"end":{"line":416,"column":null}},"201":{"start":{"line":417,"column":10},"end":{"line":419,"column":null}},"202":{"start":{"line":418,"column":12},"end":{"line":418,"column":null}},"203":{"start":{"line":420,"column":10},"end":{"line":445,"column":null}},"204":{"start":{"line":421,"column":76},"end":{"line":421,"column":null}},"205":{"start":{"line":422,"column":71},"end":{"line":422,"column":null}},"206":{"start":{"line":423,"column":12},"end":{"line":440,"column":null}},"207":{"start":{"line":425,"column":16},"end":{"line":427,"column":null}},"208":{"start":{"line":426,"column":18},"end":{"line":426,"column":null}},"209":{"start":{"line":428,"column":16},"end":{"line":428,"column":null}},"210":{"start":{"line":430,"column":16},"end":{"line":432,"column":null}},"211":{"start":{"line":431,"column":18},"end":{"line":431,"column":null}},"212":{"start":{"line":433,"column":16},"end":{"line":433,"column":null}},"213":{"start":{"line":435,"column":16},"end":{"line":437,"column":null}},"214":{"start":{"line":436,"column":18},"end":{"line":436,"column":null}},"215":{"start":{"line":438,"column":16},"end":{"line":438,"column":null}},"216":{"start":{"line":441,"column":12},"end":{"line":443,"column":null}},"217":{"start":{"line":442,"column":14},"end":{"line":442,"column":null}},"218":{"start":{"line":444,"column":12},"end":{"line":444,"column":null}},"219":{"start":{"line":451,"column":4},"end":{"line":472,"column":null}},"220":{"start":{"line":452,"column":6},"end":{"line":454,"column":null}},"221":{"start":{"line":453,"column":8},"end":{"line":453,"column":null}},"222":{"start":{"line":456,"column":33},"end":{"line":456,"column":null}},"223":{"start":{"line":457,"column":44},"end":{"line":457,"column":null}},"224":{"start":{"line":459,"column":45},"end":{"line":459,"column":null}},"225":{"start":{"line":460,"column":6},"end":{"line":468,"column":null}},"226":{"start":{"line":461,"column":57},"end":{"line":461,"column":64}},"227":{"start":{"line":463,"column":10},"end":{"line":463,"column":null}},"228":{"start":{"line":463,"column":83},"end":{"line":463,"column":111}},"229":{"start":{"line":466,"column":33},"end":{"line":466,"column":null}},"230":{"start":{"line":467,"column":10},"end":{"line":467,"column":null}},"231":{"start":{"line":467,"column":42},"end":{"line":467,"column":72}},"232":{"start":{"line":469,"column":6},"end":{"line":471,"column":null}},"233":{"start":{"line":470,"column":8},"end":{"line":470,"column":null}},"234":{"start":{"line":476,"column":4},"end":{"line":476,"column":null}},"235":{"start":{"line":477,"column":4},"end":{"line":479,"column":null}},"236":{"start":{"line":478,"column":6},"end":{"line":478,"column":null}},"237":{"start":{"line":480,"column":4},"end":{"line":480,"column":null}},"238":{"start":{"line":484,"column":34},"end":{"line":484,"column":null}},"239":{"start":{"line":484,"column":75},"end":{"line":484,"column":82}},"240":{"start":{"line":485,"column":26},"end":{"line":485,"column":null}},"241":{"start":{"line":486,"column":4},"end":{"line":486,"column":null}},"242":{"start":{"line":492,"column":4},"end":{"line":492,"column":null}},"243":{"start":{"line":496,"column":4},"end":{"line":496,"column":null}},"244":{"start":{"line":500,"column":30},"end":{"line":500,"column":null}},"245":{"start":{"line":500,"column":89},"end":{"line":500,"column":112}},"246":{"start":{"line":501,"column":26},"end":{"line":501,"column":null}},"247":{"start":{"line":501,"column":61},"end":{"line":501,"column":104}},"248":{"start":{"line":502,"column":4},"end":{"line":502,"column":null}},"249":{"start":{"line":502,"column":42},"end":{"line":502,"column":47}},"250":{"start":{"line":27,"column":13},"end":{"line":27,"column":25}}},"fnMap":{"0":{"name":"(anonymous_1)","decl":{"start":{"line":42,"column":2},"end":{"line":42,"column":16}},"loc":{"start":{"line":42,"column":16},"end":{"line":55,"column":null}}},"1":{"name":"(anonymous_2)","decl":{"start":{"line":28,"column":52},"end":{"line":28,"column":72}},"loc":{"start":{"line":28,"column":72},"end":{"line":28,"column":104}}},"2":{"name":"(anonymous_3)","decl":{"start":{"line":37,"column":54},"end":{"line":37,"column":73}},"loc":{"start":{"line":37,"column":73},"end":{"line":40,"column":3}}},"3":{"name":"(anonymous_4)","decl":{"start":{"line":49,"column":11},"end":{"line":49,"column":17}},"loc":{"start":{"line":49,"column":17},"end":{"line":54,"column":5}}},"4":{"name":"(anonymous_5)","decl":{"start":{"line":57,"column":9},"end":{"line":57,"column":23}},"loc":{"start":{"line":57,"column":53},"end":{"line":65,"column":null}}},"5":{"name":"(anonymous_6)","decl":{"start":{"line":58,"column":20},"end":{"line":58,"column":32}},"loc":{"start":{"line":58,"column":32},"end":{"line":64,"column":5}}},"6":{"name":"(anonymous_7)","decl":{"start":{"line":67,"column":2},"end":{"line":67,"column":13}},"loc":{"start":{"line":67,"column":46},"end":{"line":93,"column":null}}},"7":{"name":"(anonymous_8)","decl":{"start":{"line":76,"column":54},"end":{"line":76,"column":55}},"loc":{"start":{"line":76,"column":69},"end":{"line":83,"column":8}}},"8":{"name":"(anonymous_9)","decl":{"start":{"line":86,"column":28},"end":{"line":86,"column":29}},"loc":{"start":{"line":86,"column":47},"end":{"line":88,"column":5}}},"9":{"name":"(anonymous_10)","decl":{"start":{"line":95,"column":9},"end":{"line":95,"column":22}},"loc":{"start":{"line":95,"column":56},"end":{"line":97,"column":null}}},"10":{"name":"(anonymous_11)","decl":{"start":{"line":96,"column":29},"end":{"line":96,"column":30}},"loc":{"start":{"line":96,"column":45},"end":{"line":96,"column":63}}},"11":{"name":"(anonymous_12)","decl":{"start":{"line":99,"column":9},"end":{"line":99,"column":21}},"loc":{"start":{"line":99,"column":43},"end":{"line":105,"column":null}}},"12":{"name":"(anonymous_13)","decl":{"start":{"line":107,"column":2},"end":{"line":107,"column":13}},"loc":{"start":{"line":107,"column":42},"end":{"line":116,"column":null}}},"13":{"name":"(anonymous_14)","decl":{"start":{"line":109,"column":37},"end":{"line":109,"column":49}},"loc":{"start":{"line":109,"column":49},"end":{"line":109,"column":53}}},"14":{"name":"(anonymous_15)","decl":{"start":{"line":115,"column":35},"end":{"line":115,"column":49}},"loc":{"start":{"line":115,"column":49},"end":{"line":115,"column":55}}},"15":{"name":"(anonymous_16)","decl":{"start":{"line":118,"column":9},"end":{"line":118,"column":20}},"loc":{"start":{"line":118,"column":42},"end":{"line":123,"column":null}}},"16":{"name":"(anonymous_17)","decl":{"start":{"line":119,"column":28},"end":{"line":119,"column":29}},"loc":{"start":{"line":119,"column":55},"end":{"line":119,"column":103}}},"17":{"name":"(anonymous_18)","decl":{"start":{"line":119,"column":68},"end":{"line":119,"column":69}},"loc":{"start":{"line":119,"column":84},"end":{"line":119,"column":102}}},"18":{"name":"(anonymous_19)","decl":{"start":{"line":125,"column":2},"end":{"line":125,"column":17}},"loc":{"start":{"line":125,"column":53},"end":{"line":139,"column":null}}},"19":{"name":"(anonymous_20)","decl":{"start":{"line":126,"column":28},"end":{"line":126,"column":29}},"loc":{"start":{"line":126,"column":55},"end":{"line":138,"column":5}}},"20":{"name":"(anonymous_21)","decl":{"start":{"line":137,"column":23},"end":{"line":137,"column":24}},"loc":{"start":{"line":137,"column":46},"end":{"line":137,"column":90}}},"21":{"name":"(anonymous_22)","decl":{"start":{"line":141,"column":9},"end":{"line":141,"column":24}},"loc":{"start":{"line":141,"column":60},"end":{"line":143,"column":null}}},"22":{"name":"(anonymous_23)","decl":{"start":{"line":142,"column":31},"end":{"line":142,"column":32}},"loc":{"start":{"line":142,"column":50},"end":{"line":142,"column":61}}},"23":{"name":"(anonymous_24)","decl":{"start":{"line":145,"column":9},"end":{"line":145,"column":23}},"loc":{"start":{"line":145,"column":53},"end":{"line":151,"column":null}}},"24":{"name":"(anonymous_25)","decl":{"start":{"line":146,"column":63},"end":{"line":146,"column":64}},"loc":{"start":{"line":146,"column":87},"end":{"line":146,"column":103}}},"25":{"name":"(anonymous_26)","decl":{"start":{"line":153,"column":2},"end":{"line":153,"column":24}},"loc":{"start":{"line":153,"column":87},"end":{"line":174,"column":null}}},"26":{"name":"(anonymous_27)","decl":{"start":{"line":158,"column":28},"end":{"line":158,"column":29}},"loc":{"start":{"line":158,"column":55},"end":{"line":173,"column":6}}},"27":{"name":"(anonymous_28)","decl":{"start":{"line":158,"column":65},"end":{"line":158,"column":66}},"loc":{"start":{"line":158,"column":87},"end":{"line":173,"column":5}}},"28":{"name":"(anonymous_29)","decl":{"start":{"line":164,"column":34},"end":{"line":164,"column":35}},"loc":{"start":{"line":165,"column":10},"end":{"line":170,"column":null}}},"29":{"name":"(anonymous_30)","decl":{"start":{"line":176,"column":2},"end":{"line":176,"column":20}},"loc":{"start":{"line":176,"column":75},"end":{"line":194,"column":null}}},"30":{"name":"(anonymous_31)","decl":{"start":{"line":181,"column":28},"end":{"line":181,"column":29}},"loc":{"start":{"line":181,"column":55},"end":{"line":193,"column":6}}},"31":{"name":"(anonymous_32)","decl":{"start":{"line":181,"column":65},"end":{"line":181,"column":66}},"loc":{"start":{"line":181,"column":87},"end":{"line":193,"column":5}}},"32":{"name":"(anonymous_33)","decl":{"start":{"line":187,"column":34},"end":{"line":187,"column":35}},"loc":{"start":{"line":188,"column":10},"end":{"line":190,"column":null}}},"33":{"name":"(anonymous_34)","decl":{"start":{"line":196,"column":2},"end":{"line":196,"column":21}},"loc":{"start":{"line":196,"column":78},"end":{"line":214,"column":null}}},"34":{"name":"(anonymous_35)","decl":{"start":{"line":201,"column":28},"end":{"line":201,"column":29}},"loc":{"start":{"line":201,"column":55},"end":{"line":213,"column":6}}},"35":{"name":"(anonymous_36)","decl":{"start":{"line":201,"column":65},"end":{"line":201,"column":66}},"loc":{"start":{"line":201,"column":87},"end":{"line":213,"column":5}}},"36":{"name":"(anonymous_37)","decl":{"start":{"line":207,"column":34},"end":{"line":207,"column":35}},"loc":{"start":{"line":208,"column":10},"end":{"line":210,"column":null}}},"37":{"name":"(anonymous_38)","decl":{"start":{"line":216,"column":2},"end":{"line":216,"column":21}},"loc":{"start":{"line":216,"column":99},"end":{"line":247,"column":null}}},"38":{"name":"(anonymous_39)","decl":{"start":{"line":224,"column":28},"end":{"line":224,"column":29}},"loc":{"start":{"line":224,"column":55},"end":{"line":246,"column":6}}},"39":{"name":"(anonymous_40)","decl":{"start":{"line":224,"column":65},"end":{"line":224,"column":66}},"loc":{"start":{"line":224,"column":87},"end":{"line":246,"column":5}}},"40":{"name":"(anonymous_41)","decl":{"start":{"line":230,"column":34},"end":{"line":230,"column":35}},"loc":{"start":{"line":231,"column":10},"end":{"line":243,"column":null}}},"41":{"name":"(anonymous_42)","decl":{"start":{"line":234,"column":42},"end":{"line":234,"column":43}},"loc":{"start":{"line":234,"column":99},"end":{"line":241,"column":15}}},"42":{"name":"(anonymous_43)","decl":{"start":{"line":249,"column":2},"end":{"line":249,"column":31}},"loc":{"start":{"line":249,"column":106},"end":{"line":280,"column":null}}},"43":{"name":"(anonymous_44)","decl":{"start":{"line":257,"column":28},"end":{"line":257,"column":29}},"loc":{"start":{"line":257,"column":55},"end":{"line":279,"column":6}}},"44":{"name":"(anonymous_45)","decl":{"start":{"line":257,"column":65},"end":{"line":257,"column":66}},"loc":{"start":{"line":257,"column":87},"end":{"line":279,"column":5}}},"45":{"name":"(anonymous_46)","decl":{"start":{"line":263,"column":34},"end":{"line":263,"column":35}},"loc":{"start":{"line":264,"column":10},"end":{"line":276,"column":null}}},"46":{"name":"(anonymous_47)","decl":{"start":{"line":267,"column":62},"end":{"line":267,"column":63}},"loc":{"start":{"line":267,"column":116},"end":{"line":274,"column":15}}},"47":{"name":"(anonymous_48)","decl":{"start":{"line":283,"column":9},"end":{"line":283,"column":32}},"loc":{"start":{"line":283,"column":77},"end":{"line":333,"column":null}}},"48":{"name":"(anonymous_49)","decl":{"start":{"line":284,"column":20},"end":{"line":284,"column":39}},"loc":{"start":{"line":284,"column":39},"end":{"line":332,"column":5}}},"49":{"name":"(anonymous_50)","decl":{"start":{"line":287,"column":18},"end":{"line":287,"column":19}},"loc":{"start":{"line":287,"column":42},"end":{"line":287,"column":64}}},"50":{"name":"(anonymous_51)","decl":{"start":{"line":288,"column":15},"end":{"line":288,"column":16}},"loc":{"start":{"line":288,"column":66},"end":{"line":288,"column":81}}},"51":{"name":"(anonymous_52)","decl":{"start":{"line":289,"column":18},"end":{"line":289,"column":19}},"loc":{"start":{"line":289,"column":77},"end":{"line":289,"column":81}}},"52":{"name":"(anonymous_53)","decl":{"start":{"line":293,"column":16},"end":{"line":293,"column":17}},"loc":{"start":{"line":293,"column":42},"end":{"line":293,"column":68}}},"53":{"name":"(anonymous_54)","decl":{"start":{"line":294,"column":16},"end":{"line":294,"column":17}},"loc":{"start":{"line":294,"column":42},"end":{"line":297,"column":9}}},"54":{"name":"(anonymous_55)","decl":{"start":{"line":298,"column":16},"end":{"line":298,"column":17}},"loc":{"start":{"line":298,"column":42},"end":{"line":331,"column":9}}},"55":{"name":"(anonymous_56)","decl":{"start":{"line":300,"column":38},"end":{"line":300,"column":39}},"loc":{"start":{"line":300,"column":74},"end":{"line":330,"column":11}}},"56":{"name":"(anonymous_57)","decl":{"start":{"line":304,"column":48},"end":{"line":304,"column":49}},"loc":{"start":{"line":304,"column":130},"end":{"line":329,"column":13}}},"57":{"name":"(anonymous_58)","decl":{"start":{"line":335,"column":9},"end":{"line":335,"column":29}},"loc":{"start":{"line":335,"column":70},"end":{"line":377,"column":null}}},"58":{"name":"(anonymous_59)","decl":{"start":{"line":336,"column":20},"end":{"line":336,"column":35}},"loc":{"start":{"line":336,"column":35},"end":{"line":376,"column":5}}},"59":{"name":"(anonymous_60)","decl":{"start":{"line":339,"column":16},"end":{"line":339,"column":17}},"loc":{"start":{"line":339,"column":40},"end":{"line":339,"column":62}}},"60":{"name":"(anonymous_61)","decl":{"start":{"line":340,"column":16},"end":{"line":340,"column":17}},"loc":{"start":{"line":340,"column":40},"end":{"line":340,"column":152}}},"61":{"name":"(anonymous_62)","decl":{"start":{"line":341,"column":16},"end":{"line":341,"column":17}},"loc":{"start":{"line":341,"column":40},"end":{"line":375,"column":9}}},"62":{"name":"(anonymous_63)","decl":{"start":{"line":343,"column":38},"end":{"line":343,"column":39}},"loc":{"start":{"line":343,"column":74},"end":{"line":373,"column":null}}},"63":{"name":"(anonymous_64)","decl":{"start":{"line":347,"column":44},"end":{"line":347,"column":45}},"loc":{"start":{"line":347,"column":126},"end":{"line":372,"column":13}}},"64":{"name":"(anonymous_65)","decl":{"start":{"line":379,"column":9},"end":{"line":379,"column":29}},"loc":{"start":{"line":379,"column":71},"end":{"line":391,"column":null}}},"65":{"name":"(anonymous_66)","decl":{"start":{"line":380,"column":20},"end":{"line":380,"column":36}},"loc":{"start":{"line":380,"column":36},"end":{"line":390,"column":5}}},"66":{"name":"(anonymous_67)","decl":{"start":{"line":383,"column":18},"end":{"line":383,"column":19}},"loc":{"start":{"line":383,"column":42},"end":{"line":383,"column":64}}},"67":{"name":"(anonymous_68)","decl":{"start":{"line":384,"column":15},"end":{"line":384,"column":16}},"loc":{"start":{"line":384,"column":63},"end":{"line":384,"column":75}}},"68":{"name":"(anonymous_69)","decl":{"start":{"line":385,"column":18},"end":{"line":385,"column":19}},"loc":{"start":{"line":385,"column":71},"end":{"line":385,"column":75}}},"69":{"name":"(anonymous_70)","decl":{"start":{"line":389,"column":16},"end":{"line":389,"column":17}},"loc":{"start":{"line":389,"column":36},"end":{"line":389,"column":59}}},"70":{"name":"(anonymous_71)","decl":{"start":{"line":393,"column":9},"end":{"line":393,"column":29}},"loc":{"start":{"line":393,"column":96},"end":{"line":448,"column":null}}},"71":{"name":"(anonymous_72)","decl":{"start":{"line":394,"column":20},"end":{"line":394,"column":36}},"loc":{"start":{"line":394,"column":36},"end":{"line":447,"column":5}}},"72":{"name":"(anonymous_73)","decl":{"start":{"line":398,"column":18},"end":{"line":398,"column":19}},"loc":{"start":{"line":398,"column":63},"end":{"line":398,"column":71}}},"73":{"name":"(anonymous_74)","decl":{"start":{"line":399,"column":18},"end":{"line":399,"column":19}},"loc":{"start":{"line":399,"column":47},"end":{"line":401,"column":11}}},"74":{"name":"(anonymous_75)","decl":{"start":{"line":400,"column":44},"end":{"line":400,"column":45}},"loc":{"start":{"line":400,"column":77},"end":{"line":400,"column":107}}},"75":{"name":"(anonymous_76)","decl":{"start":{"line":402,"column":15},"end":{"line":402,"column":16}},"loc":{"start":{"line":402,"column":45},"end":{"line":402,"column":54}}},"76":{"name":"(anonymous_77)","decl":{"start":{"line":404,"column":18},"end":{"line":404,"column":19}},"loc":{"start":{"line":404,"column":46},"end":{"line":404,"column":63}}},"77":{"name":"(anonymous_78)","decl":{"start":{"line":405,"column":15},"end":{"line":405,"column":16}},"loc":{"start":{"line":405,"column":53},"end":{"line":405,"column":62}}},"78":{"name":"(anonymous_79)","decl":{"start":{"line":407,"column":18},"end":{"line":407,"column":19}},"loc":{"start":{"line":407,"column":63},"end":{"line":407,"column":71}}},"79":{"name":"(anonymous_80)","decl":{"start":{"line":408,"column":18},"end":{"line":408,"column":19}},"loc":{"start":{"line":408,"column":47},"end":{"line":408,"column":62}}},"80":{"name":"(anonymous_81)","decl":{"start":{"line":409,"column":15},"end":{"line":409,"column":16}},"loc":{"start":{"line":409,"column":45},"end":{"line":409,"column":54}}},"81":{"name":"(anonymous_82)","decl":{"start":{"line":413,"column":16},"end":{"line":413,"column":17}},"loc":{"start":{"line":413,"column":36},"end":{"line":413,"column":58}}},"82":{"name":"(anonymous_83)","decl":{"start":{"line":414,"column":16},"end":{"line":414,"column":17}},"loc":{"start":{"line":414,"column":36},"end":{"line":414,"column":65}}},"83":{"name":"(anonymous_84)","decl":{"start":{"line":415,"column":16},"end":{"line":415,"column":17}},"loc":{"start":{"line":415,"column":45},"end":{"line":446,"column":9}}},"84":{"name":"(anonymous_85)","decl":{"start":{"line":420,"column":42},"end":{"line":420,"column":43}},"loc":{"start":{"line":420,"column":124},"end":{"line":445,"column":11}}},"85":{"name":"(anonymous_86)","decl":{"start":{"line":450,"column":9},"end":{"line":450,"column":39}},"loc":{"start":{"line":450,"column":100},"end":{"line":473,"column":null}}},"86":{"name":"(anonymous_87)","decl":{"start":{"line":451,"column":20},"end":{"line":451,"column":35}},"loc":{"start":{"line":451,"column":35},"end":{"line":472,"column":5}}},"87":{"name":"(anonymous_88)","decl":{"start":{"line":461,"column":16},"end":{"line":461,"column":17}},"loc":{"start":{"line":461,"column":57},"end":{"line":461,"column":64}}},"88":{"name":"(anonymous_89)","decl":{"start":{"line":462,"column":16},"end":{"line":462,"column":17}},"loc":{"start":{"line":462,"column":43},"end":{"line":464,"column":9}}},"89":{"name":"(anonymous_90)","decl":{"start":{"line":463,"column":52},"end":{"line":463,"column":53}},"loc":{"start":{"line":463,"column":83},"end":{"line":463,"column":111}}},"90":{"name":"(anonymous_91)","decl":{"start":{"line":465,"column":17},"end":{"line":465,"column":18}},"loc":{"start":{"line":465,"column":35},"end":{"line":468,"column":9}}},"91":{"name":"(anonymous_92)","decl":{"start":{"line":467,"column":24},"end":{"line":467,"column":25}},"loc":{"start":{"line":467,"column":42},"end":{"line":467,"column":72}}},"92":{"name":"(anonymous_93)","decl":{"start":{"line":469,"column":41},"end":{"line":469,"column":42}},"loc":{"start":{"line":470,"column":8},"end":{"line":470,"column":null}}},"93":{"name":"(anonymous_94)","decl":{"start":{"line":475,"column":2},"end":{"line":475,"column":13}},"loc":{"start":{"line":475,"column":39},"end":{"line":481,"column":null}}},"94":{"name":"(anonymous_95)","decl":{"start":{"line":477,"column":28},"end":{"line":477,"column":29}},"loc":{"start":{"line":477,"column":55},"end":{"line":479,"column":5}}},"95":{"name":"(anonymous_96)","decl":{"start":{"line":483,"column":10},"end":{"line":483,"column":38}},"loc":{"start":{"line":483,"column":38},"end":{"line":487,"column":null}}},"96":{"name":"(anonymous_97)","decl":{"start":{"line":484,"column":51},"end":{"line":484,"column":52}},"loc":{"start":{"line":484,"column":75},"end":{"line":484,"column":82}}},"97":{"name":"(anonymous_98)","decl":{"start":{"line":490,"column":10},"end":{"line":490,"column":33}},"loc":{"start":{"line":490,"column":51},"end":{"line":493,"column":null}}},"98":{"name":"(anonymous_99)","decl":{"start":{"line":495,"column":10},"end":{"line":495,"column":37}},"loc":{"start":{"line":495,"column":59},"end":{"line":497,"column":null}}},"99":{"name":"(anonymous_100)","decl":{"start":{"line":499,"column":10},"end":{"line":499,"column":43}},"loc":{"start":{"line":499,"column":43},"end":{"line":503,"column":null}}},"100":{"name":"(anonymous_101)","decl":{"start":{"line":500,"column":63},"end":{"line":500,"column":64}},"loc":{"start":{"line":500,"column":89},"end":{"line":500,"column":112}}},"101":{"name":"(anonymous_102)","decl":{"start":{"line":501,"column":38},"end":{"line":501,"column":39}},"loc":{"start":{"line":501,"column":61},"end":{"line":501,"column":104}}},"102":{"name":"(anonymous_103)","decl":{"start":{"line":502,"column":28},"end":{"line":502,"column":42}},"loc":{"start":{"line":502,"column":42},"end":{"line":502,"column":47}}}},"branchMap":{"0":{"loc":{"start":{"line":28,"column":72},"end":{"line":28,"column":104}},"type":"binary-expr","locations":[{"start":{"line":28,"column":72},"end":{"line":28,"column":102}},{"start":{"line":28,"column":102},"end":{"line":28,"column":104}}]},"1":{"loc":{"start":{"line":39,"column":11},"end":{"line":39,"column":null}},"type":"cond-expr","locations":[{"start":{"line":39,"column":16},"end":{"line":39,"column":39}},{"start":{"line":39,"column":39},"end":{"line":39,"column":null}}]},"2":{"loc":{"start":{"line":45,"column":4},"end":{"line":47,"column":null}},"type":"if","locations":[{"start":{"line":45,"column":4},"end":{"line":47,"column":null}},{"start":{},"end":{}}]},"3":{"loc":{"start":{"line":51,"column":6},"end":{"line":53,"column":null}},"type":"if","locations":[{"start":{"line":51,"column":6},"end":{"line":53,"column":null}},{"start":{},"end":{}}]},"4":{"loc":{"start":{"line":60,"column":6},"end":{"line":62,"column":null}},"type":"if","locations":[{"start":{"line":60,"column":6},"end":{"line":62,"column":null}},{"start":{},"end":{}}]},"5":{"loc":{"start":{"line":67,"column":13},"end":{"line":67,"column":46}},"type":"default-arg","locations":[{"start":{"line":67,"column":28},"end":{"line":67,"column":46}}]},"6":{"loc":{"start":{"line":101,"column":4},"end":{"line":103,"column":null}},"type":"if","locations":[{"start":{"line":101,"column":4},"end":{"line":103,"column":null}},{"start":{},"end":{}}]},"7":{"loc":{"start":{"line":108,"column":4},"end":{"line":111,"column":null}},"type":"if","locations":[{"start":{"line":108,"column":4},"end":{"line":111,"column":null}},{"start":{},"end":{}}]},"8":{"loc":{"start":{"line":112,"column":4},"end":{"line":114,"column":null}},"type":"if","locations":[{"start":{"line":112,"column":4},"end":{"line":114,"column":null}},{"start":{},"end":{}}]},"9":{"loc":{"start":{"line":128,"column":6},"end":{"line":130,"column":null}},"type":"if","locations":[{"start":{"line":128,"column":6},"end":{"line":130,"column":null}},{"start":{},"end":{}}]},"10":{"loc":{"start":{"line":137,"column":46},"end":{"line":137,"column":90}},"type":"cond-expr","locations":[{"start":{"line":137,"column":67},"end":{"line":137,"column":85}},{"start":{"line":137,"column":85},"end":{"line":137,"column":90}}]},"11":{"loc":{"start":{"line":147,"column":4},"end":{"line":149,"column":null}},"type":"if","locations":[{"start":{"line":147,"column":4},"end":{"line":149,"column":null}},{"start":{},"end":{}}]},"12":{"loc":{"start":{"line":155,"column":4},"end":{"line":157,"column":null}},"type":"if","locations":[{"start":{"line":155,"column":4},"end":{"line":157,"column":null}},{"start":{},"end":{}}]},"13":{"loc":{"start":{"line":159,"column":6},"end":{"line":161,"column":null}},"type":"if","locations":[{"start":{"line":159,"column":6},"end":{"line":161,"column":null}},{"start":{},"end":{}}]},"14":{"loc":{"start":{"line":165,"column":10},"end":{"line":170,"column":null}},"type":"cond-expr","locations":[{"start":{"line":166,"column":14},"end":{"line":169,"column":null}},{"start":{"line":170,"column":14},"end":{"line":170,"column":null}}]},"15":{"loc":{"start":{"line":168,"column":25},"end":{"line":168,"column":null}},"type":"cond-expr","locations":[{"start":{"line":168,"column":39},"end":{"line":168,"column":92}},{"start":{"line":168,"column":92},"end":{"line":168,"column":null}}]},"16":{"loc":{"start":{"line":178,"column":4},"end":{"line":180,"column":null}},"type":"if","locations":[{"start":{"line":178,"column":4},"end":{"line":180,"column":null}},{"start":{},"end":{}}]},"17":{"loc":{"start":{"line":182,"column":6},"end":{"line":184,"column":null}},"type":"if","locations":[{"start":{"line":182,"column":6},"end":{"line":184,"column":null}},{"start":{},"end":{}}]},"18":{"loc":{"start":{"line":188,"column":10},"end":{"line":190,"column":null}},"type":"cond-expr","locations":[{"start":{"line":189,"column":14},"end":{"line":189,"column":null}},{"start":{"line":190,"column":14},"end":{"line":190,"column":null}}]},"19":{"loc":{"start":{"line":189,"column":34},"end":{"line":189,"column":94}},"type":"cond-expr","locations":[{"start":{"line":189,"column":44},"end":{"line":189,"column":89}},{"start":{"line":189,"column":89},"end":{"line":189,"column":94}}]},"20":{"loc":{"start":{"line":198,"column":4},"end":{"line":200,"column":null}},"type":"if","locations":[{"start":{"line":198,"column":4},"end":{"line":200,"column":null}},{"start":{},"end":{}}]},"21":{"loc":{"start":{"line":202,"column":6},"end":{"line":204,"column":null}},"type":"if","locations":[{"start":{"line":202,"column":6},"end":{"line":204,"column":null}},{"start":{},"end":{}}]},"22":{"loc":{"start":{"line":208,"column":10},"end":{"line":210,"column":null}},"type":"cond-expr","locations":[{"start":{"line":209,"column":14},"end":{"line":209,"column":null}},{"start":{"line":210,"column":14},"end":{"line":210,"column":null}}]},"23":{"loc":{"start":{"line":209,"column":35},"end":{"line":209,"column":98}},"type":"cond-expr","locations":[{"start":{"line":209,"column":46},"end":{"line":209,"column":93}},{"start":{"line":209,"column":93},"end":{"line":209,"column":98}}]},"24":{"loc":{"start":{"line":217,"column":4},"end":{"line":219,"column":null}},"type":"if","locations":[{"start":{"line":217,"column":4},"end":{"line":219,"column":null}},{"start":{},"end":{}}]},"25":{"loc":{"start":{"line":217,"column":8},"end":{"line":217,"column":65}},"type":"binary-expr","locations":[{"start":{"line":217,"column":8},"end":{"line":217,"column":27}},{"start":{"line":217,"column":27},"end":{"line":217,"column":65}}]},"26":{"loc":{"start":{"line":221,"column":4},"end":{"line":223,"column":null}},"type":"if","locations":[{"start":{"line":221,"column":4},"end":{"line":223,"column":null}},{"start":{},"end":{}}]},"27":{"loc":{"start":{"line":225,"column":6},"end":{"line":227,"column":null}},"type":"if","locations":[{"start":{"line":225,"column":6},"end":{"line":227,"column":null}},{"start":{},"end":{}}]},"28":{"loc":{"start":{"line":231,"column":10},"end":{"line":243,"column":null}},"type":"cond-expr","locations":[{"start":{"line":232,"column":14},"end":{"line":242,"column":null}},{"start":{"line":243,"column":14},"end":{"line":243,"column":null}}]},"29":{"loc":{"start":{"line":235,"column":16},"end":{"line":239,"column":null}},"type":"if","locations":[{"start":{"line":235,"column":16},"end":{"line":239,"column":null}},{"start":{"line":237,"column":16},"end":{"line":239,"column":null}}]},"30":{"loc":{"start":{"line":237,"column":16},"end":{"line":239,"column":null}},"type":"if","locations":[{"start":{"line":237,"column":16},"end":{"line":239,"column":null}},{"start":{},"end":{}}]},"31":{"loc":{"start":{"line":250,"column":4},"end":{"line":252,"column":null}},"type":"if","locations":[{"start":{"line":250,"column":4},"end":{"line":252,"column":null}},{"start":{},"end":{}}]},"32":{"loc":{"start":{"line":250,"column":8},"end":{"line":250,"column":64}},"type":"binary-expr","locations":[{"start":{"line":250,"column":8},"end":{"line":250,"column":26}},{"start":{"line":250,"column":26},"end":{"line":250,"column":64}}]},"33":{"loc":{"start":{"line":254,"column":4},"end":{"line":256,"column":null}},"type":"if","locations":[{"start":{"line":254,"column":4},"end":{"line":256,"column":null}},{"start":{},"end":{}}]},"34":{"loc":{"start":{"line":258,"column":6},"end":{"line":260,"column":null}},"type":"if","locations":[{"start":{"line":258,"column":6},"end":{"line":260,"column":null}},{"start":{},"end":{}}]},"35":{"loc":{"start":{"line":264,"column":10},"end":{"line":276,"column":null}},"type":"cond-expr","locations":[{"start":{"line":265,"column":14},"end":{"line":275,"column":null}},{"start":{"line":276,"column":14},"end":{"line":276,"column":null}}]},"36":{"loc":{"start":{"line":268,"column":16},"end":{"line":272,"column":null}},"type":"if","locations":[{"start":{"line":268,"column":16},"end":{"line":272,"column":null}},{"start":{"line":270,"column":16},"end":{"line":272,"column":null}}]},"37":{"loc":{"start":{"line":270,"column":16},"end":{"line":272,"column":null}},"type":"if","locations":[{"start":{"line":270,"column":16},"end":{"line":272,"column":null}},{"start":{},"end":{}}]},"38":{"loc":{"start":{"line":296,"column":17},"end":{"line":296,"column":null}},"type":"binary-expr","locations":[{"start":{"line":296,"column":17},"end":{"line":296,"column":34}},{"start":{"line":296,"column":34},"end":{"line":296,"column":70}},{"start":{"line":296,"column":70},"end":{"line":296,"column":null}}]},"39":{"loc":{"start":{"line":301,"column":12},"end":{"line":303,"column":null}},"type":"if","locations":[{"start":{"line":301,"column":12},"end":{"line":303,"column":null}},{"start":{},"end":{}}]},"40":{"loc":{"start":{"line":301,"column":16},"end":{"line":301,"column":42}},"type":"binary-expr","locations":[{"start":{"line":301,"column":16},"end":{"line":301,"column":27}},{"start":{"line":301,"column":27},"end":{"line":301,"column":42}}]},"41":{"loc":{"start":{"line":307,"column":14},"end":{"line":324,"column":null}},"type":"switch","locations":[{"start":{"line":308,"column":16},"end":{"line":312,"column":null}},{"start":{"line":313,"column":16},"end":{"line":317,"column":null}},{"start":{"line":318,"column":16},"end":{"line":322,"column":null}},{"start":{"line":323,"column":16},"end":{"line":323,"column":null}}]},"42":{"loc":{"start":{"line":309,"column":18},"end":{"line":311,"column":null}},"type":"if","locations":[{"start":{"line":309,"column":18},"end":{"line":311,"column":null}},{"start":{},"end":{}}]},"43":{"loc":{"start":{"line":314,"column":18},"end":{"line":316,"column":null}},"type":"if","locations":[{"start":{"line":314,"column":18},"end":{"line":316,"column":null}},{"start":{},"end":{}}]},"44":{"loc":{"start":{"line":319,"column":18},"end":{"line":321,"column":null}},"type":"if","locations":[{"start":{"line":319,"column":18},"end":{"line":321,"column":null}},{"start":{},"end":{}}]},"45":{"loc":{"start":{"line":325,"column":14},"end":{"line":327,"column":null}},"type":"if","locations":[{"start":{"line":325,"column":14},"end":{"line":327,"column":null}},{"start":{},"end":{}}]},"46":{"loc":{"start":{"line":340,"column":40},"end":{"line":340,"column":152}},"type":"binary-expr","locations":[{"start":{"line":340,"column":40},"end":{"line":340,"column":75}},{"start":{"line":340,"column":75},"end":{"line":340,"column":152}}]},"47":{"loc":{"start":{"line":344,"column":12},"end":{"line":346,"column":null}},"type":"if","locations":[{"start":{"line":344,"column":12},"end":{"line":346,"column":null}},{"start":{},"end":{}}]},"48":{"loc":{"start":{"line":350,"column":14},"end":{"line":367,"column":null}},"type":"switch","locations":[{"start":{"line":351,"column":16},"end":{"line":355,"column":null}},{"start":{"line":356,"column":16},"end":{"line":360,"column":null}},{"start":{"line":361,"column":16},"end":{"line":365,"column":null}},{"start":{"line":366,"column":16},"end":{"line":366,"column":null}}]},"49":{"loc":{"start":{"line":352,"column":18},"end":{"line":354,"column":null}},"type":"if","locations":[{"start":{"line":352,"column":18},"end":{"line":354,"column":null}},{"start":{},"end":{}}]},"50":{"loc":{"start":{"line":357,"column":18},"end":{"line":359,"column":null}},"type":"if","locations":[{"start":{"line":357,"column":18},"end":{"line":359,"column":null}},{"start":{},"end":{}}]},"51":{"loc":{"start":{"line":362,"column":18},"end":{"line":364,"column":null}},"type":"if","locations":[{"start":{"line":362,"column":18},"end":{"line":364,"column":null}},{"start":{},"end":{}}]},"52":{"loc":{"start":{"line":368,"column":14},"end":{"line":370,"column":null}},"type":"if","locations":[{"start":{"line":368,"column":14},"end":{"line":370,"column":null}},{"start":{},"end":{}}]},"53":{"loc":{"start":{"line":417,"column":10},"end":{"line":419,"column":null}},"type":"if","locations":[{"start":{"line":417,"column":10},"end":{"line":419,"column":null}},{"start":{},"end":{}}]},"54":{"loc":{"start":{"line":423,"column":12},"end":{"line":440,"column":null}},"type":"switch","locations":[{"start":{"line":424,"column":14},"end":{"line":428,"column":null}},{"start":{"line":429,"column":14},"end":{"line":433,"column":null}},{"start":{"line":434,"column":14},"end":{"line":438,"column":null}},{"start":{"line":439,"column":14},"end":{"line":439,"column":null}}]},"55":{"loc":{"start":{"line":425,"column":16},"end":{"line":427,"column":null}},"type":"if","locations":[{"start":{"line":425,"column":16},"end":{"line":427,"column":null}},{"start":{},"end":{}}]},"56":{"loc":{"start":{"line":425,"column":20},"end":{"line":425,"column":94}},"type":"binary-expr","locations":[{"start":{"line":425,"column":20},"end":{"line":425,"column":51}},{"start":{"line":425,"column":51},"end":{"line":425,"column":94}}]},"57":{"loc":{"start":{"line":430,"column":16},"end":{"line":432,"column":null}},"type":"if","locations":[{"start":{"line":430,"column":16},"end":{"line":432,"column":null}},{"start":{},"end":{}}]},"58":{"loc":{"start":{"line":430,"column":20},"end":{"line":430,"column":94}},"type":"binary-expr","locations":[{"start":{"line":430,"column":20},"end":{"line":430,"column":51}},{"start":{"line":430,"column":51},"end":{"line":430,"column":94}}]},"59":{"loc":{"start":{"line":435,"column":16},"end":{"line":437,"column":null}},"type":"if","locations":[{"start":{"line":435,"column":16},"end":{"line":437,"column":null}},{"start":{},"end":{}}]},"60":{"loc":{"start":{"line":435,"column":20},"end":{"line":435,"column":94}},"type":"binary-expr","locations":[{"start":{"line":435,"column":20},"end":{"line":435,"column":51}},{"start":{"line":435,"column":51},"end":{"line":435,"column":94}}]},"61":{"loc":{"start":{"line":441,"column":12},"end":{"line":443,"column":null}},"type":"if","locations":[{"start":{"line":441,"column":12},"end":{"line":443,"column":null}},{"start":{},"end":{}}]},"62":{"loc":{"start":{"line":452,"column":6},"end":{"line":454,"column":null}},"type":"if","locations":[{"start":{"line":452,"column":6},"end":{"line":454,"column":null}},{"start":{},"end":{}}]},"63":{"loc":{"start":{"line":452,"column":10},"end":{"line":452,"column":66}},"type":"binary-expr","locations":[{"start":{"line":452,"column":10},"end":{"line":452,"column":28}},{"start":{"line":452,"column":28},"end":{"line":452,"column":66}}]},"64":{"loc":{"start":{"line":501,"column":72},"end":{"line":501,"column":103}},"type":"binary-expr","locations":[{"start":{"line":501,"column":72},"end":{"line":501,"column":101}},{"start":{"line":501,"column":101},"end":{"line":501,"column":103}}]}},"s":{"0":0,"1":0,"2":0,"3":0,"4":0,"5":0,"6":0,"7":0,"8":0,"9":0,"10":0,"11":0,"12":0,"13":0,"14":0,"15":0,"16":0,"17":0,"18":0,"19":0,"20":0,"21":0,"22":0,"23":0,"24":0,"25":0,"26":0,"27":0,"28":0,"29":0,"30":0,"31":0,"32":0,"33":0,"34":0,"35":0,"36":0,"37":0,"38":0,"39":0,"40":0,"41":0,"42":0,"43":0,"44":0,"45":0,"46":0,"47":0,"48":0,"49":0,"50":0,"51":0,"52":0,"53":0,"54":0,"55":0,"56":0,"57":0,"58":0,"59":0,"60":0,"61":0,"62":0,"63":0,"64":0,"65":0,"66":0,"67":0,"68":0,"69":0,"70":0,"71":0,"72":0,"73":0,"74":0,"75":0,"76":0,"77":0,"78":0,"79":0,"80":0,"81":0,"82":0,"83":0,"84":0,"85":0,"86":0,"87":0,"88":0,"89":0,"90":0,"91":0,"92":0,"93":0,"94":0,"95":0,"96":0,"97":0,"98":0,"99":0,"100":0,"101":0,"102":0,"103":0,"104":0,"105":0,"106":0,"107":0,"108":0,"109":0,"110":0,"111":0,"112":0,"113":0,"114":0,"115":0,"116":0,"117":0,"118":0,"119":0,"120":0,"121":0,"122":0,"123":0,"124":0,"125":0,"126":0,"127":0,"128":0,"129":0,"130":0,"131":0,"132":0,"133":0,"134":0,"135":0,"136":0,"137":0,"138":0,"139":0,"140":0,"141":0,"142":0,"143":0,"144":0,"145":0,"146":0,"147":0,"148":0,"149":0,"150":0,"151":0,"152":0,"153":0,"154":0,"155":0,"156":0,"157":0,"158":0,"159":0,"160":0,"161":0,"162":0,"163":0,"164":0,"165":0,"166":0,"167":0,"168":0,"169":0,"170":0,"171":0,"172":0,"173":0,"174":0,"175":0,"176":0,"177":0,"178":0,"179":0,"180":0,"181":0,"182":0,"183":0,"184":0,"185":0,"186":0,"187":0,"188":0,"189":0,"190":0,"191":0,"192":0,"193":0,"194":0,"195":0,"196":0,"197":0,"198":0,"199":0,"200":0,"201":0,"202":0,"203":0,"204":0,"205":0,"206":0,"207":0,"208":0,"209":0,"210":0,"211":0,"212":0,"213":0,"214":0,"215":0,"216":0,"217":0,"218":0,"219":0,"220":0,"221":0,"222":0,"223":0,"224":0,"225":0,"226":0,"227":0,"228":0,"229":0,"230":0,"231":0,"232":0,"233":0,"234":0,"235":0,"236":0,"237":0,"238":0,"239":0,"240":0,"241":0,"242":0,"243":0,"244":0,"245":0,"246":0,"247":0,"248":0,"249":0,"250":0},"f":{"0":0,"1":0,"2":0,"3":0,"4":0,"5":0,"6":0,"7":0,"8":0,"9":0,"10":0,"11":0,"12":0,"13":0,"14":0,"15":0,"16":0,"17":0,"18":0,"19":0,"20":0,"21":0,"22":0,"23":0,"24":0,"25":0,"26":0,"27":0,"28":0,"29":0,"30":0,"31":0,"32":0,"33":0,"34":0,"35":0,"36":0,"37":0,"38":0,"39":0,"40":0,"41":0,"42":0,"43":0,"44":0,"45":0,"46":0,"47":0,"48":0,"49":0,"50":0,"51":0,"52":0,"53":0,"54":0,"55":0,"56":0,"57":0,"58":0,"59":0,"60":0,"61":0,"62":0,"63":0,"64":0,"65":0,"66":0,"67":0,"68":0,"69":0,"70":0,"71":0,"72":0,"73":0,"74":0,"75":0,"76":0,"77":0,"78":0,"79":0,"80":0,"81":0,"82":0,"83":0,"84":0,"85":0,"86":0,"87":0,"88":0,"89":0,"90":0,"91":0,"92":0,"93":0,"94":0,"95":0,"96":0,"97":0,"98":0,"99":0,"100":0,"101":0,"102":0},"b":{"0":[0,0],"1":[0,0],"2":[0,0],"3":[0,0],"4":[0,0],"5":[0],"6":[0,0],"7":[0,0],"8":[0,0],"9":[0,0],"10":[0,0],"11":[0,0],"12":[0,0],"13":[0,0],"14":[0,0],"15":[0,0],"16":[0,0],"17":[0,0],"18":[0,0],"19":[0,0],"20":[0,0],"21":[0,0],"22":[0,0],"23":[0,0],"24":[0,0],"25":[0,0],"26":[0,0],"27":[0,0],"28":[0,0],"29":[0,0],"30":[0,0],"31":[0,0],"32":[0,0],"33":[0,0],"34":[0,0],"35":[0,0],"36":[0,0],"37":[0,0],"38":[0,0,0],"39":[0,0],"40":[0,0],"41":[0,0,0,0],"42":[0,0],"43":[0,0],"44":[0,0],"45":[0,0],"46":[0,0],"47":[0,0],"48":[0,0,0,0],"49":[0,0],"50":[0,0],"51":[0,0],"52":[0,0],"53":[0,0],"54":[0,0,0,0],"55":[0,0],"56":[0,0],"57":[0,0],"58":[0,0],"59":[0,0],"60":[0,0],"61":[0,0],"62":[0,0],"63":[0,0],"64":[0,0]}}
,"C:/Users/Paolo/FE-engage-team-builder/src/app/services/view-state.service.ts": {"path":"C:/Users/Paolo/FE-engage-team-builder/src/app/services/view-state.service.ts","statementMap":{"0":{"start":{"line":8,"column":7},"end":{"line":75,"column":null}},"1":{"start":{"line":9,"column":2},"end":{"line":9,"column":null}},"2":{"start":{"line":10,"column":2},"end":{"line":10,"column":null}},"3":{"start":{"line":11,"column":2},"end":{"line":11,"column":null}},"4":{"start":{"line":12,"column":2},"end":{"line":12,"column":null}},"5":{"start":{"line":13,"column":2},"end":{"line":13,"column":null}},"6":{"start":{"line":14,"column":2},"end":{"line":14,"column":null}},"7":{"start":{"line":17,"column":4},"end":{"line":17,"column":null}},"8":{"start":{"line":21,"column":4},"end":{"line":21,"column":null}},"9":{"start":{"line":25,"column":4},"end":{"line":25,"column":null}},"10":{"start":{"line":29,"column":4},"end":{"line":29,"column":null}},"11":{"start":{"line":33,"column":4},"end":{"line":33,"column":null}},"12":{"start":{"line":37,"column":4},"end":{"line":37,"column":null}},"13":{"start":{"line":41,"column":4},"end":{"line":41,"column":null}},"14":{"start":{"line":45,"column":4},"end":{"line":45,"column":null}},"15":{"start":{"line":49,"column":4},"end":{"line":49,"column":null}},"16":{"start":{"line":53,"column":4},"end":{"line":53,"column":null}},"17":{"start":{"line":57,"column":4},"end":{"line":57,"column":null}},"18":{"start":{"line":61,"column":4},"end":{"line":61,"column":null}},"19":{"start":{"line":65,"column":4},"end":{"line":67,"column":null}},"20":{"start":{"line":66,"column":6},"end":{"line":66,"column":null}},"21":{"start":{"line":71,"column":4},"end":{"line":73,"column":null}},"22":{"start":{"line":72,"column":6},"end":{"line":72,"column":null}},"23":{"start":{"line":8,"column":13},"end":{"line":8,"column":30}}},"fnMap":{"0":{"name":"(anonymous_1)","decl":{"start":{"line":8,"column":7},"end":{"line":8,"column":13}},"loc":{"start":{"line":8,"column":7},"end":{"line":14,"column":null}}},"1":{"name":"(anonymous_2)","decl":{"start":{"line":16,"column":2},"end":{"line":16,"column":45}},"loc":{"start":{"line":16,"column":45},"end":{"line":18,"column":null}}},"2":{"name":"(anonymous_3)","decl":{"start":{"line":20,"column":2},"end":{"line":20,"column":10}},"loc":{"start":{"line":20,"column":32},"end":{"line":22,"column":null}}},"3":{"name":"(anonymous_4)","decl":{"start":{"line":24,"column":2},"end":{"line":24,"column":58}},"loc":{"start":{"line":24,"column":58},"end":{"line":26,"column":null}}},"4":{"name":"(anonymous_5)","decl":{"start":{"line":28,"column":2},"end":{"line":28,"column":25}},"loc":{"start":{"line":28,"column":50},"end":{"line":30,"column":null}}},"5":{"name":"(anonymous_6)","decl":{"start":{"line":32,"column":2},"end":{"line":32,"column":55}},"loc":{"start":{"line":32,"column":55},"end":{"line":34,"column":null}}},"6":{"name":"(anonymous_7)","decl":{"start":{"line":36,"column":2},"end":{"line":36,"column":22}},"loc":{"start":{"line":36,"column":47},"end":{"line":38,"column":null}}},"7":{"name":"(anonymous_8)","decl":{"start":{"line":40,"column":2},"end":{"line":40,"column":55}},"loc":{"start":{"line":40,"column":55},"end":{"line":42,"column":null}}},"8":{"name":"(anonymous_9)","decl":{"start":{"line":44,"column":2},"end":{"line":44,"column":22}},"loc":{"start":{"line":44,"column":47},"end":{"line":46,"column":null}}},"9":{"name":"(anonymous_10)","decl":{"start":{"line":48,"column":2},"end":{"line":48,"column":54}},"loc":{"start":{"line":48,"column":54},"end":{"line":50,"column":null}}},"10":{"name":"(anonymous_11)","decl":{"start":{"line":52,"column":2},"end":{"line":52,"column":21}},"loc":{"start":{"line":52,"column":46},"end":{"line":54,"column":null}}},"11":{"name":"(anonymous_12)","decl":{"start":{"line":56,"column":2},"end":{"line":56,"column":53}},"loc":{"start":{"line":56,"column":53},"end":{"line":58,"column":null}}},"12":{"name":"(anonymous_13)","decl":{"start":{"line":60,"column":2},"end":{"line":60,"column":26}},"loc":{"start":{"line":60,"column":49},"end":{"line":62,"column":null}}},"13":{"name":"(anonymous_14)","decl":{"start":{"line":64,"column":2},"end":{"line":64,"column":20}},"loc":{"start":{"line":64,"column":20},"end":{"line":68,"column":null}}},"14":{"name":"(anonymous_15)","decl":{"start":{"line":70,"column":2},"end":{"line":70,"column":21}},"loc":{"start":{"line":70,"column":21},"end":{"line":74,"column":null}}}},"branchMap":{"0":{"loc":{"start":{"line":65,"column":4},"end":{"line":67,"column":null}},"type":"if","locations":[{"start":{"line":65,"column":4},"end":{"line":67,"column":null}},{"start":{},"end":{}}]},"1":{"loc":{"start":{"line":71,"column":4},"end":{"line":73,"column":null}},"type":"if","locations":[{"start":{"line":71,"column":4},"end":{"line":73,"column":null}},{"start":{},"end":{}}]}},"s":{"0":1,"1":2,"2":2,"3":2,"4":2,"5":2,"6":2,"7":3,"8":0,"9":0,"10":0,"11":0,"12":0,"13":0,"14":0,"15":0,"16":0,"17":0,"18":0,"19":0,"20":0,"21":0,"22":0,"23":1},"f":{"0":2,"1":3,"2":0,"3":0,"4":0,"5":0,"6":0,"7":0,"8":0,"9":0,"10":0,"11":0,"12":0,"13":0,"14":0},"b":{"0":[0,0],"1":[0,0]}}
}
